Analysis & Synthesis report for RAM
Mon Nov 16 11:40:25 2015
Quartus II Version 9.1 Build 222 10/21/2009 SJ Web Edition


---------------------
; Table of Contents ;
---------------------
  1. Legal Notice
  2. Analysis & Synthesis Summary
  3. Analysis & Synthesis Settings
  4. Parallel Compilation
  5. Analysis & Synthesis Source Files Read
  6. Analysis & Synthesis Resource Usage Summary
  7. Analysis & Synthesis Resource Utilization by Entity
  8. User-Specified and Inferred Latches
  9. General Register Statistics
 10. Parameter Settings for User Entity Instance: Top-level Entity: |RAM
 11. Analysis & Synthesis Messages



----------------
; Legal Notice ;
----------------
Copyright (C) 1991-2009 Altera Corporation
Your use of Altera Corporation's design tools, logic functions 
and other software and tools, and its AMPP partner logic 
functions, and any output files from any of the foregoing 
(including device programming or simulation files), and any 
associated documentation or information are expressly subject 
to the terms and conditions of the Altera Program License 
Subscription Agreement, Altera MegaCore Function License 
Agreement, or other applicable license agreement, including, 
without limitation, that your use is for the sole purpose of 
programming logic devices manufactured by Altera and sold by 
Altera or its authorized distributors.  Please refer to the 
applicable agreement for further details.



+------------------------------------------------------------------------------+
; Analysis & Synthesis Summary                                                 ;
+------------------------------------+-----------------------------------------+
; Analysis & Synthesis Status        ; Successful - Mon Nov 16 11:40:25 2015   ;
; Quartus II Version                 ; 9.1 Build 222 10/21/2009 SJ Web Edition ;
; Revision Name                      ; RAM                                     ;
; Top-level Entity Name              ; RAM                                     ;
; Family                             ; Cyclone II                              ;
; Total logic elements               ; 472                                     ;
;     Total combinational functions  ; 472                                     ;
;     Dedicated logic registers      ; 8                                       ;
; Total registers                    ; 8                                       ;
; Total pins                         ; 23                                      ;
; Total virtual pins                 ; 0                                       ;
; Total memory bits                  ; 0                                       ;
; Embedded Multiplier 9-bit elements ; 0                                       ;
; Total PLLs                         ; 0                                       ;
+------------------------------------+-----------------------------------------+


+----------------------------------------------------------------------------------------------------------------------+
; Analysis & Synthesis Settings                                                                                        ;
+----------------------------------------------------------------------------+--------------------+--------------------+
; Option                                                                     ; Setting            ; Default Value      ;
+----------------------------------------------------------------------------+--------------------+--------------------+
; Device                                                                     ; EP2C20F484C7       ;                    ;
; Top-level entity name                                                      ; RAM                ; RAM                ;
; Family name                                                                ; Cyclone II         ; Stratix II         ;
; Use Generated Physical Constraints File                                    ; Off                ;                    ;
; Use smart compilation                                                      ; Off                ; Off                ;
; Enable parallel Assembler and TimeQuest Timing Analyzer during compilation ; On                 ; On                 ;
; Enable compact report table                                                ; Off                ; Off                ;
; Restructure Multiplexers                                                   ; Auto               ; Auto               ;
; Create Debugging Nodes for IP Cores                                        ; Off                ; Off                ;
; Preserve fewer node names                                                  ; On                 ; On                 ;
; Disable OpenCore Plus hardware evaluation                                  ; Off                ; Off                ;
; Verilog Version                                                            ; Verilog_2001       ; Verilog_2001       ;
; VHDL Version                                                               ; VHDL_1993          ; VHDL_1993          ;
; State Machine Processing                                                   ; Auto               ; Auto               ;
; Safe State Machine                                                         ; Off                ; Off                ;
; Extract Verilog State Machines                                             ; On                 ; On                 ;
; Extract VHDL State Machines                                                ; On                 ; On                 ;
; Ignore Verilog initial constructs                                          ; Off                ; Off                ;
; Iteration limit for constant Verilog loops                                 ; 5000               ; 5000               ;
; Iteration limit for non-constant Verilog loops                             ; 250                ; 250                ;
; Add Pass-Through Logic to Inferred RAMs                                    ; On                 ; On                 ;
; Parallel Synthesis                                                         ; On                 ; On                 ;
; DSP Block Balancing                                                        ; Auto               ; Auto               ;
; NOT Gate Push-Back                                                         ; On                 ; On                 ;
; Power-Up Don't Care                                                        ; On                 ; On                 ;
; Remove Redundant Logic Cells                                               ; Off                ; Off                ;
; Remove Duplicate Registers                                                 ; On                 ; On                 ;
; Ignore CARRY Buffers                                                       ; Off                ; Off                ;
; Ignore CASCADE Buffers                                                     ; Off                ; Off                ;
; Ignore GLOBAL Buffers                                                      ; Off                ; Off                ;
; Ignore ROW GLOBAL Buffers                                                  ; Off                ; Off                ;
; Ignore LCELL Buffers                                                       ; Off                ; Off                ;
; Ignore SOFT Buffers                                                        ; On                 ; On                 ;
; Limit AHDL Integers to 32 Bits                                             ; Off                ; Off                ;
; Optimization Technique                                                     ; Balanced           ; Balanced           ;
; Carry Chain Length                                                         ; 70                 ; 70                 ;
; Auto Carry Chains                                                          ; On                 ; On                 ;
; Auto Open-Drain Pins                                                       ; On                 ; On                 ;
; Perform WYSIWYG Primitive Resynthesis                                      ; Off                ; Off                ;
; Auto ROM Replacement                                                       ; On                 ; On                 ;
; Auto RAM Replacement                                                       ; On                 ; On                 ;
; Auto Shift Register Replacement                                            ; Auto               ; Auto               ;
; Auto Clock Enable Replacement                                              ; On                 ; On                 ;
; Strict RAM Replacement                                                     ; Off                ; Off                ;
; Allow Synchronous Control Signals                                          ; On                 ; On                 ;
; Force Use of Synchronous Clear Signals                                     ; Off                ; Off                ;
; Auto RAM to Logic Cell Conversion                                          ; Off                ; Off                ;
; Auto Resource Sharing                                                      ; Off                ; Off                ;
; Allow Any RAM Size For Recognition                                         ; Off                ; Off                ;
; Allow Any ROM Size For Recognition                                         ; Off                ; Off                ;
; Allow Any Shift Register Size For Recognition                              ; Off                ; Off                ;
; Use LogicLock Constraints during Resource Balancing                        ; On                 ; On                 ;
; Ignore translate_off and synthesis_off directives                          ; Off                ; Off                ;
; Timing-Driven Synthesis                                                    ; Off                ; Off                ;
; Show Parameter Settings Tables in Synthesis Report                         ; On                 ; On                 ;
; Ignore Maximum Fan-Out Assignments                                         ; Off                ; Off                ;
; Synchronization Register Chain Length                                      ; 2                  ; 2                  ;
; PowerPlay Power Optimization                                               ; Normal compilation ; Normal compilation ;
; HDL message level                                                          ; Level2             ; Level2             ;
; Suppress Register Optimization Related Messages                            ; Off                ; Off                ;
; Number of Removed Registers Reported in Synthesis Report                   ; 100                ; 100                ;
; Number of Inverted Registers Reported in Synthesis Report                  ; 100                ; 100                ;
; Clock MUX Protection                                                       ; On                 ; On                 ;
; Auto Gated Clock Conversion                                                ; Off                ; Off                ;
; Block Design Naming                                                        ; Auto               ; Auto               ;
; SDC constraint protection                                                  ; Off                ; Off                ;
; Synthesis Effort                                                           ; Auto               ; Auto               ;
; Shift Register Replacement - Allow Asynchronous Clear Signal               ; On                 ; On                 ;
; Analysis & Synthesis Message Level                                         ; Medium             ; Medium             ;
; Disable Register Merging Across Hierarchies                                ; Auto               ; Auto               ;
; Resource Aware Inference For Block RAM                                     ; On                 ; On                 ;
+----------------------------------------------------------------------------+--------------------+--------------------+


Parallel compilation was disabled, but you have multiple processors available. Enable parallel compilation to reduce compilation time.
+-------------------------------------+
; Parallel Compilation                ;
+----------------------------+--------+
; Processors                 ; Number ;
+----------------------------+--------+
; Number detected on machine ; 4      ;
; Maximum allowed            ; 1      ;
+----------------------------+--------+


+------------------------------------------------------------------------------------------------------------------------------------------------------------+
; Analysis & Synthesis Source Files Read                                                                                                                     ;
+----------------------------------+-----------------+------------------------------+------------------------------------------------------------------------+
; File Name with User-Entered Path ; Used in Netlist ; File Type                    ; File Name with Absolute Path                                           ;
+----------------------------------+-----------------+------------------------------+------------------------------------------------------------------------+
; ram.v                            ; yes             ; Auto-Found Verilog HDL File  ; C:/Users/Student/Desktop/ASIC and FPGA design BAME2044/LAB 2/RAM/ram.v ;
+----------------------------------+-----------------+------------------------------+------------------------------------------------------------------------+


+----------------------------------------------------------+
; Analysis & Synthesis Resource Usage Summary              ;
+---------------------------------------------+------------+
; Resource                                    ; Usage      ;
+---------------------------------------------+------------+
; Estimated Total logic elements              ; 472        ;
;                                             ;            ;
; Total combinational functions               ; 472        ;
; Logic element usage by number of LUT inputs ;            ;
;     -- 4 input functions                    ; 176        ;
;     -- 3 input functions                    ; 296        ;
;     -- <=2 input functions                  ; 0          ;
;                                             ;            ;
; Logic elements by mode                      ;            ;
;     -- normal mode                          ; 472        ;
;     -- arithmetic mode                      ; 0          ;
;                                             ;            ;
; Total registers                             ; 8          ;
;     -- Dedicated logic registers            ; 8          ;
;     -- I/O registers                        ; 0          ;
;                                             ;            ;
; I/O pins                                    ; 23         ;
; Maximum fan-out node                        ; Address[2] ;
; Maximum fan-out                             ; 76         ;
; Total fan-out                               ; 1624       ;
; Average fan-out                             ; 3.23       ;
+---------------------------------------------+------------+


+-----------------------------------------------------------------------------------------------------------------------------------------------------------------------------+
; Analysis & Synthesis Resource Utilization by Entity                                                                                                                         ;
+----------------------------+-------------------+--------------+-------------+--------------+---------+-----------+------+--------------+---------------------+--------------+
; Compilation Hierarchy Node ; LC Combinationals ; LC Registers ; Memory Bits ; DSP Elements ; DSP 9x9 ; DSP 18x18 ; Pins ; Virtual Pins ; Full Hierarchy Name ; Library Name ;
+----------------------------+-------------------+--------------+-------------+--------------+---------+-----------+------+--------------+---------------------+--------------+
; |RAM                       ; 472 (472)         ; 8 (8)        ; 0           ; 0            ; 0       ; 0         ; 23   ; 0            ; |RAM                ; work         ;
+----------------------------+-------------------+--------------+-------------+--------------+---------+-----------+------+--------------+---------------------+--------------+
Note: For table entries with two numbers listed, the numbers in parentheses indicate the number of resources of the given type used by the specific entity alone. The numbers listed outside of parentheses indicate the total resources of the given type used by the specific entity and all of its sub-entities in the hierarchy.


+-----------------------------------------------------------------------------------------------------+
; User-Specified and Inferred Latches                                                                 ;
+------------------------------------------------------+---------------------+------------------------+
; Latch Name                                           ; Latch Enable Signal ; Free of Timing Hazards ;
+------------------------------------------------------+---------------------+------------------------+
; ram~80                                               ; rtl~0               ; yes                    ;
; ram~72                                               ; rtl~1               ; yes                    ;
; ram~64                                               ; rtl~2               ; yes                    ;
; ram~88                                               ; rtl~3               ; yes                    ;
; ram~40                                               ; rtl~4               ; yes                    ;
; ram~48                                               ; rtl~5               ; yes                    ;
; ram~32                                               ; rtl~6               ; yes                    ;
; ram~56                                               ; rtl~7               ; yes                    ;
; ram~16                                               ; rtl~8               ; yes                    ;
; ram~8                                                ; rtl~9               ; yes                    ;
; ram~0                                                ; rtl~10              ; yes                    ;
; ram~24                                               ; rtl~11              ; yes                    ;
; ram~104                                              ; rtl~12              ; yes                    ;
; ram~112                                              ; rtl~13              ; yes                    ;
; ram~96                                               ; rtl~14              ; yes                    ;
; ram~120                                              ; rtl~15              ; yes                    ;
; ram~176                                              ; rtl~16              ; yes                    ;
; ram~208                                              ; rtl~17              ; yes                    ;
; ram~144                                              ; rtl~18              ; yes                    ;
; ram~240                                              ; rtl~19              ; yes                    ;
; ram~200                                              ; rtl~20              ; yes                    ;
; ram~168                                              ; rtl~21              ; yes                    ;
; ram~136                                              ; rtl~22              ; yes                    ;
; ram~232                                              ; rtl~23              ; yes                    ;
; ram~160                                              ; rtl~24              ; yes                    ;
; ram~192                                              ; rtl~25              ; yes                    ;
; ram~128                                              ; rtl~26              ; yes                    ;
; ram~224                                              ; rtl~27              ; yes                    ;
; ram~216                                              ; rtl~28              ; yes                    ;
; ram~184                                              ; rtl~29              ; yes                    ;
; ram~152                                              ; rtl~30              ; yes                    ;
; ram~248                                              ; rtl~31              ; yes                    ;
; ram~49                                               ; rtl~5               ; yes                    ;
; ram~41                                               ; rtl~4               ; yes                    ;
; ram~33                                               ; rtl~6               ; yes                    ;
; ram~57                                               ; rtl~7               ; yes                    ;
; ram~73                                               ; rtl~1               ; yes                    ;
; ram~81                                               ; rtl~0               ; yes                    ;
; ram~65                                               ; rtl~2               ; yes                    ;
; ram~89                                               ; rtl~3               ; yes                    ;
; ram~9                                                ; rtl~9               ; yes                    ;
; ram~17                                               ; rtl~8               ; yes                    ;
; ram~1                                                ; rtl~10              ; yes                    ;
; ram~25                                               ; rtl~11              ; yes                    ;
; ram~113                                              ; rtl~13              ; yes                    ;
; ram~105                                              ; rtl~12              ; yes                    ;
; ram~97                                               ; rtl~14              ; yes                    ;
; ram~121                                              ; rtl~15              ; yes                    ;
; ram~169                                              ; rtl~21              ; yes                    ;
; ram~201                                              ; rtl~20              ; yes                    ;
; ram~137                                              ; rtl~22              ; yes                    ;
; ram~233                                              ; rtl~23              ; yes                    ;
; ram~209                                              ; rtl~17              ; yes                    ;
; ram~177                                              ; rtl~16              ; yes                    ;
; ram~145                                              ; rtl~18              ; yes                    ;
; ram~241                                              ; rtl~19              ; yes                    ;
; ram~193                                              ; rtl~25              ; yes                    ;
; ram~161                                              ; rtl~24              ; yes                    ;
; ram~129                                              ; rtl~26              ; yes                    ;
; ram~225                                              ; rtl~27              ; yes                    ;
; ram~185                                              ; rtl~29              ; yes                    ;
; ram~217                                              ; rtl~28              ; yes                    ;
; ram~153                                              ; rtl~30              ; yes                    ;
; ram~249                                              ; rtl~31              ; yes                    ;
; ram~82                                               ; rtl~0               ; yes                    ;
; ram~74                                               ; rtl~1               ; yes                    ;
; ram~66                                               ; rtl~2               ; yes                    ;
; ram~90                                               ; rtl~3               ; yes                    ;
; ram~42                                               ; rtl~4               ; yes                    ;
; ram~50                                               ; rtl~5               ; yes                    ;
; ram~34                                               ; rtl~6               ; yes                    ;
; ram~58                                               ; rtl~7               ; yes                    ;
; ram~18                                               ; rtl~8               ; yes                    ;
; ram~10                                               ; rtl~9               ; yes                    ;
; ram~2                                                ; rtl~10              ; yes                    ;
; ram~26                                               ; rtl~11              ; yes                    ;
; ram~106                                              ; rtl~12              ; yes                    ;
; ram~114                                              ; rtl~13              ; yes                    ;
; ram~98                                               ; rtl~14              ; yes                    ;
; ram~122                                              ; rtl~15              ; yes                    ;
; ram~178                                              ; rtl~16              ; yes                    ;
; ram~210                                              ; rtl~17              ; yes                    ;
; ram~146                                              ; rtl~18              ; yes                    ;
; ram~242                                              ; rtl~19              ; yes                    ;
; ram~202                                              ; rtl~20              ; yes                    ;
; ram~170                                              ; rtl~21              ; yes                    ;
; ram~138                                              ; rtl~22              ; yes                    ;
; ram~234                                              ; rtl~23              ; yes                    ;
; ram~162                                              ; rtl~24              ; yes                    ;
; ram~194                                              ; rtl~25              ; yes                    ;
; ram~130                                              ; rtl~26              ; yes                    ;
; ram~226                                              ; rtl~27              ; yes                    ;
; ram~218                                              ; rtl~28              ; yes                    ;
; ram~186                                              ; rtl~29              ; yes                    ;
; ram~154                                              ; rtl~30              ; yes                    ;
; ram~250                                              ; rtl~31              ; yes                    ;
; ram~51                                               ; rtl~5               ; yes                    ;
; ram~43                                               ; rtl~4               ; yes                    ;
; ram~35                                               ; rtl~6               ; yes                    ;
; ram~59                                               ; rtl~7               ; yes                    ;
; Number of user-specified and inferred latches = 256  ;                     ;                        ;
+------------------------------------------------------+---------------------+------------------------+
Table restricted to first 100 entries. Note: All latches listed above may not be present at the end of synthesis due to various synthesis optimizations.


+------------------------------------------------------+
; General Register Statistics                          ;
+----------------------------------------------+-------+
; Statistic                                    ; Value ;
+----------------------------------------------+-------+
; Total registers                              ; 8     ;
; Number of registers using Synchronous Clear  ; 0     ;
; Number of registers using Synchronous Load   ; 0     ;
; Number of registers using Asynchronous Clear ; 0     ;
; Number of registers using Asynchronous Load  ; 0     ;
; Number of registers using Clock Enable       ; 8     ;
; Number of registers using Preset             ; 0     ;
+----------------------------------------------+-------+


+---------------------------------------------------------------------+
; Parameter Settings for User Entity Instance: Top-level Entity: |RAM ;
+----------------+-------+--------------------------------------------+
; Parameter Name ; Value ; Type                                       ;
+----------------+-------+--------------------------------------------+
; n              ; 8     ; Signed Integer                             ;
+----------------+-------+--------------------------------------------+
Note: In order to hide this table in the UI and the text report file, please set the "Show Parameter Settings Tables in Synthesis Report" option in "Analysis and Synthesis Settings -> More Settings" to "Off".


+-------------------------------+
; Analysis & Synthesis Messages ;
+-------------------------------+
Info: *******************************************************************
Info: Running Quartus II Analysis & Synthesis
    Info: Version 9.1 Build 222 10/21/2009 SJ Web Edition
    Info: Processing started: Mon Nov 16 11:40:23 2015
Info: Command: quartus_map --read_settings_files=on --write_settings_files=off RAM -c RAM
Info: Found 1 design units, including 1 entities, in source file ram_tb.v
    Info: Found entity 1: RAM_tb
Warning: Using design file ram.v, which is not specified as a design file for the current project, but contains definitions for 1 design units and 1 entities in project
    Info: Found entity 1: RAM
Info: Elaborating entity "RAM" for the top level hierarchy
Info: Implemented 495 device resources after synthesis - the final resource count might be different
    Info: Implemented 15 input pins
    Info: Implemented 8 output pins
    Info: Implemented 472 logic cells
Info: Quartus II Analysis & Synthesis was successful. 0 errors, 2 warnings
    Info: Peak virtual memory: 198 megabytes
    Info: Processing ended: Mon Nov 16 11:40:25 2015
    Info: Elapsed time: 00:00:02
    Info: Total CPU time (on all processors): 00:00:01


