Analysis & Synthesis report for Processor
Wed Dec 23 11:32:44 2015
Quartus II 64-Bit Version 13.0.1 Build 232 06/12/2013 Service Pack 1 SJ Web Edition


---------------------
; Table of Contents ;
---------------------
  1. Legal Notice
  2. Analysis & Synthesis Summary
  3. Analysis & Synthesis Settings
  4. Parallel Compilation
  5. Analysis & Synthesis Source Files Read
  6. Analysis & Synthesis Resource Usage Summary
  7. Analysis & Synthesis Resource Utilization by Entity
  8. State Machine - |Processor|CU:CU1|CurrState
  9. Registers Removed During Synthesis
 10. General Register Statistics
 11. Multiplexer Restructuring Statistics (Restructuring Performed)
 12. Parameter Settings for User Entity Instance: DataPath:DP1|InstructionCycleOperations:ICO|Register:IR
 13. Parameter Settings for User Entity Instance: DataPath:DP1|InstructionCycleOperations:ICO|MUX_2_To_1:IMP
 14. Parameter Settings for User Entity Instance: DataPath:DP1|InstructionCycleOperations:ICO|Register:PC
 15. Parameter Settings for User Entity Instance: DataPath:DP1|InstructionCycleOperations:ICO|Increment:Inc1
 16. Parameter Settings for User Entity Instance: DataPath:DP1|InstructionCycleOperations:ICO|MUX_2_To_1:Memi
 17. Parameter Settings for User Entity Instance: DataPath:DP1|ROM:romA
 18. Parameter Settings for User Entity Instance: DataPath:DP1|InstructionSetOperations:ISO
 19. Parameter Settings for User Entity Instance: DataPath:DP1|InstructionSetOperations:ISO|MUX_4_To_1:Mux1
 20. Parameter Settings for User Entity Instance: DataPath:DP1|InstructionSetOperations:ISO|Register:regA
 21. Parameter Settings for User Entity Instance: DataPath:DP1|InstructionSetOperations:ISO|AddSubtract:AddSub
 22. Parameter Settings for User Entity Instance: CU:CU1
 23. Port Connectivity Checks: "CU:CU1"
 24. Port Connectivity Checks: "DataPath:DP1|InstructionSetOperations:ISO"
 25. Port Connectivity Checks: "DataPath:DP1"
 26. Elapsed Time Per Partition
 27. Analysis & Synthesis Messages
 28. Analysis & Synthesis Suppressed Messages



----------------
; Legal Notice ;
----------------
Copyright (C) 1991-2013 Altera Corporation
Your use of Altera Corporation's design tools, logic functions 
and other software and tools, and its AMPP partner logic 
functions, and any output files from any of the foregoing 
(including device programming or simulation files), and any 
associated documentation or information are expressly subject 
to the terms and conditions of the Altera Program License 
Subscription Agreement, Altera MegaCore Function License 
Agreement, or other applicable license agreement, including, 
without limitation, that your use is for the sole purpose of 
programming logic devices manufactured by Altera and sold by 
Altera or its authorized distributors.  Please refer to the 
applicable agreement for further details.



+--------------------------------------------------------------------------------------+
; Analysis & Synthesis Summary                                                         ;
+------------------------------------+-------------------------------------------------+
; Analysis & Synthesis Status        ; Successful - Wed Dec 23 11:32:43 2015           ;
; Quartus II 64-Bit Version          ; 13.0.1 Build 232 06/12/2013 SP 1 SJ Web Edition ;
; Revision Name                      ; Processor                                       ;
; Top-level Entity Name              ; Processor                                       ;
; Family                             ; Cyclone II                                      ;
; Total logic elements               ; 676                                             ;
;     Total combinational functions  ; 571                                             ;
;     Dedicated logic registers      ; 322                                             ;
; Total registers                    ; 322                                             ;
; Total pins                         ; 33                                              ;
; Total virtual pins                 ; 0                                               ;
; Total memory bits                  ; 0                                               ;
; Embedded Multiplier 9-bit elements ; 0                                               ;
; Total PLLs                         ; 0                                               ;
+------------------------------------+-------------------------------------------------+


+----------------------------------------------------------------------------------------------------------------------+
; Analysis & Synthesis Settings                                                                                        ;
+----------------------------------------------------------------------------+--------------------+--------------------+
; Option                                                                     ; Setting            ; Default Value      ;
+----------------------------------------------------------------------------+--------------------+--------------------+
; Device                                                                     ; EP2C20F484C7       ;                    ;
; Top-level entity name                                                      ; Processor          ; Processor          ;
; Family name                                                                ; Cyclone II         ; Cyclone IV GX      ;
; Use smart compilation                                                      ; Off                ; Off                ;
; Enable parallel Assembler and TimeQuest Timing Analyzer during compilation ; On                 ; On                 ;
; Enable compact report table                                                ; Off                ; Off                ;
; Restructure Multiplexers                                                   ; Auto               ; Auto               ;
; Create Debugging Nodes for IP Cores                                        ; Off                ; Off                ;
; Preserve fewer node names                                                  ; On                 ; On                 ;
; Disable OpenCore Plus hardware evaluation                                  ; Off                ; Off                ;
; Verilog Version                                                            ; Verilog_2001       ; Verilog_2001       ;
; VHDL Version                                                               ; VHDL_1993          ; VHDL_1993          ;
; State Machine Processing                                                   ; Auto               ; Auto               ;
; Safe State Machine                                                         ; Off                ; Off                ;
; Extract Verilog State Machines                                             ; On                 ; On                 ;
; Extract VHDL State Machines                                                ; On                 ; On                 ;
; Ignore Verilog initial constructs                                          ; Off                ; Off                ;
; Iteration limit for constant Verilog loops                                 ; 5000               ; 5000               ;
; Iteration limit for non-constant Verilog loops                             ; 250                ; 250                ;
; Add Pass-Through Logic to Inferred RAMs                                    ; On                 ; On                 ;
; Infer RAMs from Raw Logic                                                  ; On                 ; On                 ;
; Parallel Synthesis                                                         ; On                 ; On                 ;
; DSP Block Balancing                                                        ; Auto               ; Auto               ;
; NOT Gate Push-Back                                                         ; On                 ; On                 ;
; Power-Up Don't Care                                                        ; On                 ; On                 ;
; Remove Redundant Logic Cells                                               ; Off                ; Off                ;
; Remove Duplicate Registers                                                 ; On                 ; On                 ;
; Ignore CARRY Buffers                                                       ; Off                ; Off                ;
; Ignore CASCADE Buffers                                                     ; Off                ; Off                ;
; Ignore GLOBAL Buffers                                                      ; Off                ; Off                ;
; Ignore ROW GLOBAL Buffers                                                  ; Off                ; Off                ;
; Ignore LCELL Buffers                                                       ; Off                ; Off                ;
; Ignore SOFT Buffers                                                        ; On                 ; On                 ;
; Limit AHDL Integers to 32 Bits                                             ; Off                ; Off                ;
; Optimization Technique                                                     ; Balanced           ; Balanced           ;
; Carry Chain Length                                                         ; 70                 ; 70                 ;
; Auto Carry Chains                                                          ; On                 ; On                 ;
; Auto Open-Drain Pins                                                       ; On                 ; On                 ;
; Perform WYSIWYG Primitive Resynthesis                                      ; Off                ; Off                ;
; Auto ROM Replacement                                                       ; On                 ; On                 ;
; Auto RAM Replacement                                                       ; On                 ; On                 ;
; Auto Shift Register Replacement                                            ; Auto               ; Auto               ;
; Allow Shift Register Merging across Hierarchies                            ; Auto               ; Auto               ;
; Auto Clock Enable Replacement                                              ; On                 ; On                 ;
; Strict RAM Replacement                                                     ; Off                ; Off                ;
; Allow Synchronous Control Signals                                          ; On                 ; On                 ;
; Force Use of Synchronous Clear Signals                                     ; Off                ; Off                ;
; Auto RAM to Logic Cell Conversion                                          ; Off                ; Off                ;
; Auto Resource Sharing                                                      ; Off                ; Off                ;
; Allow Any RAM Size For Recognition                                         ; Off                ; Off                ;
; Allow Any ROM Size For Recognition                                         ; Off                ; Off                ;
; Allow Any Shift Register Size For Recognition                              ; Off                ; Off                ;
; Use LogicLock Constraints during Resource Balancing                        ; On                 ; On                 ;
; Ignore translate_off and synthesis_off directives                          ; Off                ; Off                ;
; Timing-Driven Synthesis                                                    ; Off                ; Off                ;
; Report Parameter Settings                                                  ; On                 ; On                 ;
; Report Source Assignments                                                  ; On                 ; On                 ;
; Report Connectivity Checks                                                 ; On                 ; On                 ;
; Ignore Maximum Fan-Out Assignments                                         ; Off                ; Off                ;
; Synchronization Register Chain Length                                      ; 2                  ; 2                  ;
; PowerPlay Power Optimization                                               ; Normal compilation ; Normal compilation ;
; HDL message level                                                          ; Level2             ; Level2             ;
; Suppress Register Optimization Related Messages                            ; Off                ; Off                ;
; Number of Removed Registers Reported in Synthesis Report                   ; 5000               ; 5000               ;
; Number of Swept Nodes Reported in Synthesis Report                         ; 5000               ; 5000               ;
; Number of Inverted Registers Reported in Synthesis Report                  ; 100                ; 100                ;
; Clock MUX Protection                                                       ; On                 ; On                 ;
; Auto Gated Clock Conversion                                                ; Off                ; Off                ;
; Block Design Naming                                                        ; Auto               ; Auto               ;
; SDC constraint protection                                                  ; Off                ; Off                ;
; Synthesis Effort                                                           ; Auto               ; Auto               ;
; Shift Register Replacement - Allow Asynchronous Clear Signal               ; On                 ; On                 ;
; Pre-Mapping Resynthesis Optimization                                       ; Off                ; Off                ;
; Analysis & Synthesis Message Level                                         ; Medium             ; Medium             ;
; Disable Register Merging Across Hierarchies                                ; Auto               ; Auto               ;
; Resource Aware Inference For Block RAM                                     ; On                 ; On                 ;
; Synthesis Seed                                                             ; 1                  ; 1                  ;
+----------------------------------------------------------------------------+--------------------+--------------------+


+------------------------------------------+
; Parallel Compilation                     ;
+----------------------------+-------------+
; Processors                 ; Number      ;
+----------------------------+-------------+
; Number detected on machine ; 4           ;
; Maximum allowed            ; 2           ;
;                            ;             ;
; Average used               ; 1.00        ;
; Maximum used               ; 1           ;
;                            ;             ;
; Usage by Processor         ; % Time Used ;
;     Processor 1            ; 100.0%      ;
;     Processors 2-4         ;   0.0%      ;
+----------------------------+-------------+


+---------------------------------------------------------------------------------------------------------------------------------------------------------------------------------------+
; Analysis & Synthesis Source Files Read                                                                                                                                                ;
+----------------------------------+-----------------+------------------------------+-----------------------------------------------------------------------------------------+---------+
; File Name with User-Entered Path ; Used in Netlist ; File Type                    ; File Name with Absolute Path                                                            ; Library ;
+----------------------------------+-----------------+------------------------------+-----------------------------------------------------------------------------------------+---------+
; Register.v                       ; yes             ; User Verilog HDL File        ; C:/Users/twinkle/Desktop/test/Enhanced-Processor/Processor/Register.v                   ;         ;
; MUX_4_To_1.v                     ; yes             ; User Verilog HDL File        ; C:/Users/twinkle/Desktop/test/Enhanced-Processor/Processor/MUX_4_To_1.v                 ;         ;
; MUX_2_To_1.v                     ; yes             ; User Verilog HDL File        ; C:/Users/twinkle/Desktop/test/Enhanced-Processor/Processor/MUX_2_To_1.v                 ;         ;
; Increment.v                      ; yes             ; User Verilog HDL File        ; C:/Users/twinkle/Desktop/test/Enhanced-Processor/Processor/Increment.v                  ;         ;
; DataPath.v                       ; yes             ; User Verilog HDL File        ; C:/Users/twinkle/Desktop/test/Enhanced-Processor/Processor/DataPath.v                   ;         ;
; CU.v                             ; yes             ; User Verilog HDL File        ; C:/Users/twinkle/Desktop/test/Enhanced-Processor/Processor/CU.v                         ;         ;
; AddSubtract.v                    ; yes             ; User Verilog HDL File        ; C:/Users/twinkle/Desktop/test/Enhanced-Processor/Processor/AddSubtract.v                ;         ;
; Processor.v                      ; yes             ; User Verilog HDL File        ; C:/Users/twinkle/Desktop/test/Enhanced-Processor/Processor/Processor.v                  ;         ;
; ROM.v                            ; yes             ; User Verilog HDL File        ; C:/Users/twinkle/Desktop/test/Enhanced-Processor/Processor/ROM.v                        ;         ;
; halfSecClock.v                   ; yes             ; User Verilog HDL File        ; C:/Users/twinkle/Desktop/test/Enhanced-Processor/Processor/halfSecClock.v               ;         ;
; instructioncycleoperations.v     ; yes             ; Auto-Found Verilog HDL File  ; C:/Users/twinkle/Desktop/test/Enhanced-Processor/Processor/instructioncycleoperations.v ;         ;
; instructionsetoperations.v       ; yes             ; Auto-Found Verilog HDL File  ; C:/Users/twinkle/Desktop/test/Enhanced-Processor/Processor/instructionsetoperations.v   ;         ;
+----------------------------------+-----------------+------------------------------+-----------------------------------------------------------------------------------------+---------+


+--------------------------------------------------------------------------+
; Analysis & Synthesis Resource Usage Summary                              ;
+---------------------------------------------+----------------------------+
; Resource                                    ; Usage                      ;
+---------------------------------------------+----------------------------+
; Estimated Total logic elements              ; 676                        ;
;                                             ;                            ;
; Total combinational functions               ; 571                        ;
; Logic element usage by number of LUT inputs ;                            ;
;     -- 4 input functions                    ; 410                        ;
;     -- 3 input functions                    ; 95                         ;
;     -- <=2 input functions                  ; 66                         ;
;                                             ;                            ;
; Logic elements by mode                      ;                            ;
;     -- normal mode                          ; 535                        ;
;     -- arithmetic mode                      ; 36                         ;
;                                             ;                            ;
; Total registers                             ; 322                        ;
;     -- Dedicated logic registers            ; 322                        ;
;     -- I/O registers                        ; 0                          ;
;                                             ;                            ;
; I/O pins                                    ; 33                         ;
; Embedded Multiplier 9-bit elements          ; 0                          ;
; Maximum fan-out node                        ; halfSecClock:comb_27|clock ;
; Maximum fan-out                             ; 298                        ;
; Total fan-out                               ; 2920                       ;
; Average fan-out                             ; 3.15                       ;
+---------------------------------------------+----------------------------+


+---------------------------------------------------------------------------------------------------------------------------------------------------------------------------------------------------------------------------------------------+
; Analysis & Synthesis Resource Utilization by Entity                                                                                                                                                                                         ;
+----------------------------------------+-------------------+--------------+-------------+--------------+---------+-----------+------+--------------+-------------------------------------------------------------------------+--------------+
; Compilation Hierarchy Node             ; LC Combinationals ; LC Registers ; Memory Bits ; DSP Elements ; DSP 9x9 ; DSP 18x18 ; Pins ; Virtual Pins ; Full Hierarchy Name                                                     ; Library Name ;
+----------------------------------------+-------------------+--------------+-------------+--------------+---------+-----------+------+--------------+-------------------------------------------------------------------------+--------------+
; |Processor                             ; 571 (2)           ; 322 (0)      ; 0           ; 0            ; 0       ; 0         ; 33   ; 0            ; |Processor                                                              ; work         ;
;    |CU:CU1|                            ; 21 (21)           ; 11 (11)      ; 0           ; 0            ; 0       ; 0         ; 0    ; 0            ; |Processor|CU:CU1                                                       ; work         ;
;    |DataPath:DP1|                      ; 500 (0)           ; 285 (0)      ; 0           ; 0            ; 0       ; 0         ; 0    ; 0            ; |Processor|DataPath:DP1                                                 ; work         ;
;       |InstructionCycleOperations:ICO| ; 10 (0)            ; 13 (0)       ; 0           ; 0            ; 0       ; 0         ; 0    ; 0            ; |Processor|DataPath:DP1|InstructionCycleOperations:ICO                  ; work         ;
;          |MUX_2_To_1:Memi|             ; 5 (5)             ; 0 (0)        ; 0           ; 0            ; 0       ; 0         ; 0    ; 0            ; |Processor|DataPath:DP1|InstructionCycleOperations:ICO|MUX_2_To_1:Memi  ; work         ;
;          |Register:IR|                 ; 0 (0)             ; 8 (8)        ; 0           ; 0            ; 0       ; 0         ; 0    ; 0            ; |Processor|DataPath:DP1|InstructionCycleOperations:ICO|Register:IR      ; work         ;
;          |Register:PC|                 ; 5 (5)             ; 5 (5)        ; 0           ; 0            ; 0       ; 0         ; 0    ; 0            ; |Processor|DataPath:DP1|InstructionCycleOperations:ICO|Register:PC      ; work         ;
;       |InstructionSetOperations:ISO|   ; 25 (0)            ; 8 (0)        ; 0           ; 0            ; 0       ; 0         ; 0    ; 0            ; |Processor|DataPath:DP1|InstructionSetOperations:ISO                    ; work         ;
;          |AddSubtract:AddSub|          ; 17 (17)           ; 0 (0)        ; 0           ; 0            ; 0       ; 0         ; 0    ; 0            ; |Processor|DataPath:DP1|InstructionSetOperations:ISO|AddSubtract:AddSub ; work         ;
;          |Register:regA|               ; 8 (8)             ; 8 (8)        ; 0           ; 0            ; 0       ; 0         ; 0    ; 0            ; |Processor|DataPath:DP1|InstructionSetOperations:ISO|Register:regA      ; work         ;
;       |ROM:romA|                       ; 465 (465)         ; 264 (264)    ; 0           ; 0            ; 0       ; 0         ; 0    ; 0            ; |Processor|DataPath:DP1|ROM:romA                                        ; work         ;
;    |halfSecClock:comb_27|              ; 48 (48)           ; 26 (26)      ; 0           ; 0            ; 0       ; 0         ; 0    ; 0            ; |Processor|halfSecClock:comb_27                                         ; work         ;
+----------------------------------------+-------------------+--------------+-------------+--------------+---------+-----------+------+--------------+-------------------------------------------------------------------------+--------------+
Note: For table entries with two numbers listed, the numbers in parentheses indicate the number of resources of the given type used by the specific entity alone. The numbers listed outside of parentheses indicate the total resources of the given type used by the specific entity and all of its sub-entities in the hierarchy.


Encoding Type:  One-Hot
+---------------------------------------------------------------------------------------------------------------------------------------------------------------------------------------------------------------+
; State Machine - |Processor|CU:CU1|CurrState                                                                                                                                                                   ;
+------------------+----------------+----------------+--------------+-----------------+---------------+---------------+-----------------+----------------+------------------+-----------------+-----------------+
; Name             ; CurrState.halt ; CurrState.jpos ; CurrState.jz ; CurrState.Input ; CurrState.sub ; CurrState.add ; CurrState.store ; CurrState.load ; CurrState.decode ; CurrState.fetch ; CurrState.start ;
+------------------+----------------+----------------+--------------+-----------------+---------------+---------------+-----------------+----------------+------------------+-----------------+-----------------+
; CurrState.start  ; 0              ; 0              ; 0            ; 0               ; 0             ; 0             ; 0               ; 0              ; 0                ; 0               ; 0               ;
; CurrState.fetch  ; 0              ; 0              ; 0            ; 0               ; 0             ; 0             ; 0               ; 0              ; 0                ; 1               ; 1               ;
; CurrState.decode ; 0              ; 0              ; 0            ; 0               ; 0             ; 0             ; 0               ; 0              ; 1                ; 0               ; 1               ;
; CurrState.load   ; 0              ; 0              ; 0            ; 0               ; 0             ; 0             ; 0               ; 1              ; 0                ; 0               ; 1               ;
; CurrState.store  ; 0              ; 0              ; 0            ; 0               ; 0             ; 0             ; 1               ; 0              ; 0                ; 0               ; 1               ;
; CurrState.add    ; 0              ; 0              ; 0            ; 0               ; 0             ; 1             ; 0               ; 0              ; 0                ; 0               ; 1               ;
; CurrState.sub    ; 0              ; 0              ; 0            ; 0               ; 1             ; 0             ; 0               ; 0              ; 0                ; 0               ; 1               ;
; CurrState.Input  ; 0              ; 0              ; 0            ; 1               ; 0             ; 0             ; 0               ; 0              ; 0                ; 0               ; 1               ;
; CurrState.jz     ; 0              ; 0              ; 1            ; 0               ; 0             ; 0             ; 0               ; 0              ; 0                ; 0               ; 1               ;
; CurrState.jpos   ; 0              ; 1              ; 0            ; 0               ; 0             ; 0             ; 0               ; 0              ; 0                ; 0               ; 1               ;
; CurrState.halt   ; 1              ; 0              ; 0            ; 0               ; 0             ; 0             ; 0               ; 0              ; 0                ; 0               ; 1               ;
+------------------+----------------+----------------+--------------+-----------------+---------------+---------------+-----------------+----------------+------------------+-----------------+-----------------+


+------------------------------------------------------------+
; Registers Removed During Synthesis                         ;
+---------------------------------------+--------------------+
; Register name                         ; Reason for Removal ;
+---------------------------------------+--------------------+
; CU:CU1|CurrState~4                    ; Lost fanout        ;
; CU:CU1|CurrState~5                    ; Lost fanout        ;
; CU:CU1|CurrState~6                    ; Lost fanout        ;
; CU:CU1|CurrState~7                    ; Lost fanout        ;
; Total Number of Removed Registers = 4 ;                    ;
+---------------------------------------+--------------------+


+------------------------------------------------------+
; General Register Statistics                          ;
+----------------------------------------------+-------+
; Statistic                                    ; Value ;
+----------------------------------------------+-------+
; Total registers                              ; 322   ;
; Number of registers using Synchronous Clear  ; 0     ;
; Number of registers using Synchronous Load   ; 13    ;
; Number of registers using Asynchronous Clear ; 57    ;
; Number of registers using Asynchronous Load  ; 0     ;
; Number of registers using Clock Enable       ; 125   ;
; Number of registers using Preset             ; 0     ;
+----------------------------------------------+-------+


+-------------------------------------------------------------------------------------------------------------------------------------------------------------------------------------------+
; Multiplexer Restructuring Statistics (Restructuring Performed)                                                                                                                            ;
+--------------------+-----------+---------------+----------------------+------------------------+------------+-----------------------------------------------------------------------------+
; Multiplexer Inputs ; Bus Width ; Baseline Area ; Area if Restructured ; Saving if Restructured ; Registered ; Example Multiplexer Output                                                  ;
+--------------------+-----------+---------------+----------------------+------------------------+------------+-----------------------------------------------------------------------------+
; 4:1                ; 8 bits    ; 16 LEs        ; 16 LEs               ; 0 LEs                  ; Yes        ; |Processor|DataPath:DP1|InstructionSetOperations:ISO|Register:regA|A_Reg[1] ;
; 3:1                ; 8 bits    ; 16 LEs        ; 8 LEs                ; 8 LEs                  ; Yes        ; |Processor|DataPath:DP1|ROM:romA|rom[31][5]                                 ;
; 3:1                ; 8 bits    ; 16 LEs        ; 8 LEs                ; 8 LEs                  ; Yes        ; |Processor|DataPath:DP1|ROM:romA|rom[30][2]                                 ;
; 3:1                ; 8 bits    ; 16 LEs        ; 8 LEs                ; 8 LEs                  ; Yes        ; |Processor|DataPath:DP1|ROM:romA|rom[17][4]                                 ;
; 3:1                ; 8 bits    ; 16 LEs        ; 8 LEs                ; 8 LEs                  ; Yes        ; |Processor|DataPath:DP1|ROM:romA|rom[16][0]                                 ;
; 3:1                ; 8 bits    ; 16 LEs        ; 8 LEs                ; 8 LEs                  ; Yes        ; |Processor|DataPath:DP1|ROM:romA|rom[15][6]                                 ;
; 3:1                ; 8 bits    ; 16 LEs        ; 8 LEs                ; 8 LEs                  ; Yes        ; |Processor|DataPath:DP1|ROM:romA|rom[14][5]                                 ;
; 3:1                ; 8 bits    ; 16 LEs        ; 8 LEs                ; 8 LEs                  ; Yes        ; |Processor|DataPath:DP1|ROM:romA|rom[13][6]                                 ;
; 3:1                ; 8 bits    ; 16 LEs        ; 8 LEs                ; 8 LEs                  ; Yes        ; |Processor|DataPath:DP1|ROM:romA|rom[12][1]                                 ;
; 3:1                ; 8 bits    ; 16 LEs        ; 8 LEs                ; 8 LEs                  ; Yes        ; |Processor|DataPath:DP1|ROM:romA|rom[11][1]                                 ;
; 3:1                ; 8 bits    ; 16 LEs        ; 8 LEs                ; 8 LEs                  ; Yes        ; |Processor|DataPath:DP1|ROM:romA|rom[10][6]                                 ;
; 3:1                ; 8 bits    ; 16 LEs        ; 8 LEs                ; 8 LEs                  ; Yes        ; |Processor|DataPath:DP1|ROM:romA|rom[9][5]                                  ;
; 3:1                ; 8 bits    ; 16 LEs        ; 8 LEs                ; 8 LEs                  ; Yes        ; |Processor|DataPath:DP1|ROM:romA|rom[8][7]                                  ;
; 3:1                ; 8 bits    ; 16 LEs        ; 8 LEs                ; 8 LEs                  ; Yes        ; |Processor|DataPath:DP1|ROM:romA|rom[7][2]                                  ;
; 3:1                ; 8 bits    ; 16 LEs        ; 8 LEs                ; 8 LEs                  ; Yes        ; |Processor|DataPath:DP1|ROM:romA|rom[6][2]                                  ;
; 3:1                ; 8 bits    ; 16 LEs        ; 8 LEs                ; 8 LEs                  ; Yes        ; |Processor|DataPath:DP1|ROM:romA|rom[5][1]                                  ;
; 3:1                ; 8 bits    ; 16 LEs        ; 8 LEs                ; 8 LEs                  ; Yes        ; |Processor|DataPath:DP1|ROM:romA|rom[4][7]                                  ;
; 3:1                ; 8 bits    ; 16 LEs        ; 8 LEs                ; 8 LEs                  ; Yes        ; |Processor|DataPath:DP1|ROM:romA|rom[3][1]                                  ;
; 3:1                ; 8 bits    ; 16 LEs        ; 8 LEs                ; 8 LEs                  ; Yes        ; |Processor|DataPath:DP1|ROM:romA|rom[2][5]                                  ;
; 3:1                ; 8 bits    ; 16 LEs        ; 8 LEs                ; 8 LEs                  ; Yes        ; |Processor|DataPath:DP1|ROM:romA|rom[1][5]                                  ;
; 3:1                ; 8 bits    ; 16 LEs        ; 8 LEs                ; 8 LEs                  ; Yes        ; |Processor|DataPath:DP1|ROM:romA|rom[0][1]                                  ;
; 32:1               ; 8 bits    ; 168 LEs       ; 168 LEs              ; 0 LEs                  ; Yes        ; |Processor|DataPath:DP1|ROM:romA|Q[6]                                       ;
+--------------------+-----------+---------------+----------------------+------------------------+------------+-----------------------------------------------------------------------------+


+------------------------------------------------------------------------------------------------------+
; Parameter Settings for User Entity Instance: DataPath:DP1|InstructionCycleOperations:ICO|Register:IR ;
+----------------+-------+-----------------------------------------------------------------------------+
; Parameter Name ; Value ; Type                                                                        ;
+----------------+-------+-----------------------------------------------------------------------------+
; n              ; 8     ; Signed Integer                                                              ;
+----------------+-------+-----------------------------------------------------------------------------+
Note: In order to hide this table in the UI and the text report file, please set the "Show Parameter Settings in Synthesis Report" option in "Analysis and Synthesis Settings -> More Settings" to "Off".


+---------------------------------------------------------------------------------------------------------+
; Parameter Settings for User Entity Instance: DataPath:DP1|InstructionCycleOperations:ICO|MUX_2_To_1:IMP ;
+----------------+-------+--------------------------------------------------------------------------------+
; Parameter Name ; Value ; Type                                                                           ;
+----------------+-------+--------------------------------------------------------------------------------+
; n              ; 5     ; Signed Integer                                                                 ;
+----------------+-------+--------------------------------------------------------------------------------+
Note: In order to hide this table in the UI and the text report file, please set the "Show Parameter Settings in Synthesis Report" option in "Analysis and Synthesis Settings -> More Settings" to "Off".


+------------------------------------------------------------------------------------------------------+
; Parameter Settings for User Entity Instance: DataPath:DP1|InstructionCycleOperations:ICO|Register:PC ;
+----------------+-------+-----------------------------------------------------------------------------+
; Parameter Name ; Value ; Type                                                                        ;
+----------------+-------+-----------------------------------------------------------------------------+
; n              ; 5     ; Signed Integer                                                              ;
+----------------+-------+-----------------------------------------------------------------------------+
Note: In order to hide this table in the UI and the text report file, please set the "Show Parameter Settings in Synthesis Report" option in "Analysis and Synthesis Settings -> More Settings" to "Off".


+---------------------------------------------------------------------------------------------------------+
; Parameter Settings for User Entity Instance: DataPath:DP1|InstructionCycleOperations:ICO|Increment:Inc1 ;
+----------------+-------+--------------------------------------------------------------------------------+
; Parameter Name ; Value ; Type                                                                           ;
+----------------+-------+--------------------------------------------------------------------------------+
; n              ; 5     ; Signed Integer                                                                 ;
+----------------+-------+--------------------------------------------------------------------------------+
Note: In order to hide this table in the UI and the text report file, please set the "Show Parameter Settings in Synthesis Report" option in "Analysis and Synthesis Settings -> More Settings" to "Off".


+----------------------------------------------------------------------------------------------------------+
; Parameter Settings for User Entity Instance: DataPath:DP1|InstructionCycleOperations:ICO|MUX_2_To_1:Memi ;
+----------------+-------+---------------------------------------------------------------------------------+
; Parameter Name ; Value ; Type                                                                            ;
+----------------+-------+---------------------------------------------------------------------------------+
; n              ; 5     ; Signed Integer                                                                  ;
+----------------+-------+---------------------------------------------------------------------------------+
Note: In order to hide this table in the UI and the text report file, please set the "Show Parameter Settings in Synthesis Report" option in "Analysis and Synthesis Settings -> More Settings" to "Off".


+--------------------------------------------------------------------+
; Parameter Settings for User Entity Instance: DataPath:DP1|ROM:romA ;
+----------------+-------+-------------------------------------------+
; Parameter Name ; Value ; Type                                      ;
+----------------+-------+-------------------------------------------+
; n              ; 8     ; Signed Integer                            ;
+----------------+-------+-------------------------------------------+
Note: In order to hide this table in the UI and the text report file, please set the "Show Parameter Settings in Synthesis Report" option in "Analysis and Synthesis Settings -> More Settings" to "Off".


+----------------------------------------------------------------------------------------+
; Parameter Settings for User Entity Instance: DataPath:DP1|InstructionSetOperations:ISO ;
+----------------+-------+---------------------------------------------------------------+
; Parameter Name ; Value ; Type                                                          ;
+----------------+-------+---------------------------------------------------------------+
; n              ; 8     ; Signed Integer                                                ;
+----------------+-------+---------------------------------------------------------------+
Note: In order to hide this table in the UI and the text report file, please set the "Show Parameter Settings in Synthesis Report" option in "Analysis and Synthesis Settings -> More Settings" to "Off".


+--------------------------------------------------------------------------------------------------------+
; Parameter Settings for User Entity Instance: DataPath:DP1|InstructionSetOperations:ISO|MUX_4_To_1:Mux1 ;
+----------------+-------+-------------------------------------------------------------------------------+
; Parameter Name ; Value ; Type                                                                          ;
+----------------+-------+-------------------------------------------------------------------------------+
; b              ; 8     ; Signed Integer                                                                ;
+----------------+-------+-------------------------------------------------------------------------------+
Note: In order to hide this table in the UI and the text report file, please set the "Show Parameter Settings in Synthesis Report" option in "Analysis and Synthesis Settings -> More Settings" to "Off".


+------------------------------------------------------------------------------------------------------+
; Parameter Settings for User Entity Instance: DataPath:DP1|InstructionSetOperations:ISO|Register:regA ;
+----------------+-------+-----------------------------------------------------------------------------+
; Parameter Name ; Value ; Type                                                                        ;
+----------------+-------+-----------------------------------------------------------------------------+
; n              ; 8     ; Signed Integer                                                              ;
+----------------+-------+-----------------------------------------------------------------------------+
Note: In order to hide this table in the UI and the text report file, please set the "Show Parameter Settings in Synthesis Report" option in "Analysis and Synthesis Settings -> More Settings" to "Off".


+-----------------------------------------------------------------------------------------------------------+
; Parameter Settings for User Entity Instance: DataPath:DP1|InstructionSetOperations:ISO|AddSubtract:AddSub ;
+----------------+-------+----------------------------------------------------------------------------------+
; Parameter Name ; Value ; Type                                                                             ;
+----------------+-------+----------------------------------------------------------------------------------+
; n              ; 8     ; Signed Integer                                                                   ;
+----------------+-------+----------------------------------------------------------------------------------+
Note: In order to hide this table in the UI and the text report file, please set the "Show Parameter Settings in Synthesis Report" option in "Analysis and Synthesis Settings -> More Settings" to "Off".


+-----------------------------------------------------+
; Parameter Settings for User Entity Instance: CU:CU1 ;
+----------------+-------+----------------------------+
; Parameter Name ; Value ; Type                       ;
+----------------+-------+----------------------------+
; start          ; 0000  ; Unsigned Binary            ;
; fetch          ; 0001  ; Unsigned Binary            ;
; decode         ; 0010  ; Unsigned Binary            ;
; load           ; 1000  ; Unsigned Binary            ;
; store          ; 1001  ; Unsigned Binary            ;
; add            ; 1010  ; Unsigned Binary            ;
; sub            ; 1011  ; Unsigned Binary            ;
; Input          ; 1100  ; Unsigned Binary            ;
; jz             ; 1101  ; Unsigned Binary            ;
; jpos           ; 1110  ; Unsigned Binary            ;
; halt           ; 1111  ; Unsigned Binary            ;
+----------------+-------+----------------------------+
Note: In order to hide this table in the UI and the text report file, please set the "Show Parameter Settings in Synthesis Report" option in "Analysis and Synthesis Settings -> More Settings" to "Off".


+----------------------------------------------------------------------------------------------------------------+
; Port Connectivity Checks: "CU:CU1"                                                                             ;
+------+--------+----------+-------------------------------------------------------------------------------------+
; Port ; Type   ; Severity ; Details                                                                             ;
+------+--------+----------+-------------------------------------------------------------------------------------+
; Halt ; Output ; Info     ; Connected to dangling logic. Logic that only feeds a dangling port will be removed. ;
+------+--------+----------+-------------------------------------------------------------------------------------+


+-----------------------------------------------------------------------+
; Port Connectivity Checks: "DataPath:DP1|InstructionSetOperations:ISO" ;
+------+-------+----------+---------------------------------------------+
; Port ; Type  ; Severity ; Details                                     ;
+------+-------+----------+---------------------------------------------+
; GND  ; Input ; Info     ; Stuck at GND                                ;
+------+-------+----------+---------------------------------------------+


+----------------------------------------------------------------------------------------------------------------------+
; Port Connectivity Checks: "DataPath:DP1"                                                                             ;
+------------+--------+----------+-------------------------------------------------------------------------------------+
; Port       ; Type   ; Severity ; Details                                                                             ;
+------------+--------+----------+-------------------------------------------------------------------------------------+
; IR40       ; Output ; Info     ; Connected to dangling logic. Logic that only feeds a dangling port will be removed. ;
; MeminstOut ; Output ; Info     ; Connected to dangling logic. Logic that only feeds a dangling port will be removed. ;
; regAOut    ; Output ; Info     ; Connected to dangling logic. Logic that only feeds a dangling port will be removed. ;
; RAMout     ; Output ; Info     ; Connected to dangling logic. Logic that only feeds a dangling port will be removed. ;
+------------+--------+----------+-------------------------------------------------------------------------------------+


+-------------------------------+
; Elapsed Time Per Partition    ;
+----------------+--------------+
; Partition Name ; Elapsed Time ;
+----------------+--------------+
; Top            ; 00:00:04     ;
+----------------+--------------+


+-------------------------------+
; Analysis & Synthesis Messages ;
+-------------------------------+
Info: *******************************************************************
Info: Running Quartus II 64-Bit Analysis & Synthesis
    Info: Version 13.0.1 Build 232 06/12/2013 Service Pack 1 SJ Web Edition
    Info: Processing started: Wed Dec 23 11:32:37 2015
Info: Command: quartus_map --read_settings_files=on --write_settings_files=off Processor -c Processor
Info (11104): Parallel Compilation has detected 4 hyper-threaded processors. However, the extra hyper-threaded processors will not be used by default. Parallel Compilation will use 2 of the 2 physical processors detected instead.
Info (12021): Found 1 design units, including 1 entities, in source file register.v
    Info (12023): Found entity 1: Register
Info (12021): Found 1 design units, including 1 entities, in source file ram.v
    Info (12023): Found entity 1: RAM
Info (12021): Found 1 design units, including 1 entities, in source file mux_4_to_1.v
    Info (12023): Found entity 1: MUX_4_To_1
Info (12021): Found 1 design units, including 1 entities, in source file mux_2_to_1.v
    Info (12023): Found entity 1: MUX_2_To_1
Info (12021): Found 1 design units, including 1 entities, in source file increment.v
    Info (12023): Found entity 1: Increment
Info (12021): Found 1 design units, including 1 entities, in source file datapath.v
    Info (12023): Found entity 1: DataPath
Info (12021): Found 1 design units, including 1 entities, in source file cu.v
    Info (12023): Found entity 1: CU
Info (12021): Found 1 design units, including 1 entities, in source file addsubtract.v
    Info (12023): Found entity 1: AddSubtract
Info (12021): Found 1 design units, including 1 entities, in source file processor.v
    Info (12023): Found entity 1: Processor
Info (12021): Found 1 design units, including 1 entities, in source file rom.v
    Info (12023): Found entity 1: ROM
Info (12021): Found 1 design units, including 1 entities, in source file processor_tb.v
    Info (12023): Found entity 1: Processor_tb
Info (12021): Found 1 design units, including 1 entities, in source file halfsecclock.v
    Info (12023): Found entity 1: halfSecClock
Critical Warning (10846): Verilog HDL Instantiation warning at Processor.v(57): instance has no name
Info (12127): Elaborating entity "Processor" for the top level hierarchy
Warning (10034): Output port "LEDR[9..8]" at Processor.v(7) has no driver
Warning (10034): Output port "LEDG[5..4]" at Processor.v(8) has no driver
Info (12128): Elaborating entity "halfSecClock" for hierarchy "halfSecClock:comb_27"
Warning (10230): Verilog HDL assignment warning at halfSecClock.v(28): truncated value with size 32 to match size of target (25)
Info (12128): Elaborating entity "DataPath" for hierarchy "DataPath:DP1"
Warning (12125): Using design file instructioncycleoperations.v, which is not specified as a design file for the current project, but contains definitions for 1 design units and 1 entities in project
    Info (12023): Found entity 1: InstructionCycleOperations
Info (12128): Elaborating entity "InstructionCycleOperations" for hierarchy "DataPath:DP1|InstructionCycleOperations:ICO"
Info (12128): Elaborating entity "Register" for hierarchy "DataPath:DP1|InstructionCycleOperations:ICO|Register:IR"
Info (12128): Elaborating entity "MUX_2_To_1" for hierarchy "DataPath:DP1|InstructionCycleOperations:ICO|MUX_2_To_1:IMP"
Info (12128): Elaborating entity "Register" for hierarchy "DataPath:DP1|InstructionCycleOperations:ICO|Register:PC"
Info (12128): Elaborating entity "Increment" for hierarchy "DataPath:DP1|InstructionCycleOperations:ICO|Increment:Inc1"
Warning (10230): Verilog HDL assignment warning at Increment.v(8): truncated value with size 32 to match size of target (5)
Info (12128): Elaborating entity "ROM" for hierarchy "DataPath:DP1|ROM:romA"
Warning (12125): Using design file instructionsetoperations.v, which is not specified as a design file for the current project, but contains definitions for 1 design units and 1 entities in project
    Info (12023): Found entity 1: InstructionSetOperations
Info (12128): Elaborating entity "InstructionSetOperations" for hierarchy "DataPath:DP1|InstructionSetOperations:ISO"
Warning (10230): Verilog HDL assignment warning at instructionsetoperations.v(24): truncated value with size 32 to match size of target (1)
Warning (10230): Verilog HDL assignment warning at instructionsetoperations.v(25): truncated value with size 32 to match size of target (1)
Info (12128): Elaborating entity "MUX_4_To_1" for hierarchy "DataPath:DP1|InstructionSetOperations:ISO|MUX_4_To_1:Mux1"
Info (12128): Elaborating entity "AddSubtract" for hierarchy "DataPath:DP1|InstructionSetOperations:ISO|AddSubtract:AddSub"
Info (12128): Elaborating entity "CU" for hierarchy "CU:CU1"
Warning (13024): Output pins are stuck at VCC or GND
    Warning (13410): Pin "LEDR[8]" is stuck at GND
    Warning (13410): Pin "LEDR[9]" is stuck at GND
    Warning (13410): Pin "LEDG[4]" is stuck at GND
    Warning (13410): Pin "LEDG[5]" is stuck at GND
Info (17049): 4 registers lost all their fanouts during netlist optimizations.
Info (144001): Generated suppressed messages file C:/Users/twinkle/Desktop/test/Enhanced-Processor/Processor/output_files/Processor.map.smsg
Info (16010): Generating hard_block partition "hard_block:auto_generated_inst"
    Info (16011): Adding 0 node(s), including 0 DDIO, 0 PLL, 0 transceiver and 0 LCELL
Warning (21074): Design contains 3 input pin(s) that do not drive logic
    Warning (15610): No output dependent on input pin "KEY[0]"
    Warning (15610): No output dependent on input pin "KEY[1]"
    Warning (15610): No output dependent on input pin "KEY[2]"
Info (21057): Implemented 709 device resources after synthesis - the final resource count might be different
    Info (21058): Implemented 15 input pins
    Info (21059): Implemented 18 output pins
    Info (21061): Implemented 676 logic cells
Info: Quartus II 64-Bit Analysis & Synthesis was successful. 0 errors, 18 warnings
    Info: Peak virtual memory: 468 megabytes
    Info: Processing ended: Wed Dec 23 11:32:44 2015
    Info: Elapsed time: 00:00:07
    Info: Total CPU time (on all processors): 00:00:06


+------------------------------------------+
; Analysis & Synthesis Suppressed Messages ;
+------------------------------------------+
The suppressed messages can be found in C:/Users/twinkle/Desktop/test/Enhanced-Processor/Processor/output_files/Processor.map.smsg.


