Analysis & Synthesis report for DataPath
Tue Dec 01 15:15:20 2015
Quartus II Version 9.1 Build 222 10/21/2009 SJ Web Edition


---------------------
; Table of Contents ;
---------------------
  1. Legal Notice
  2. Analysis & Synthesis Summary
  3. Analysis & Synthesis Settings
  4. Parallel Compilation
  5. Analysis & Synthesis Source Files Read
  6. Analysis & Synthesis Resource Usage Summary
  7. Analysis & Synthesis Resource Utilization by Entity
  8. User-Specified and Inferred Latches
  9. General Register Statistics
 10. Multiplexer Restructuring Statistics (Restructuring Performed)
 11. Parameter Settings for User Entity Instance: InstructionCycleOperations:ICO|Register:IR
 12. Parameter Settings for User Entity Instance: InstructionCycleOperations:ICO|MUX_2_To_1:IMP
 13. Parameter Settings for User Entity Instance: InstructionCycleOperations:ICO|Register:PC
 14. Parameter Settings for User Entity Instance: InstructionCycleOperations:ICO|Increment:Inc1
 15. Parameter Settings for User Entity Instance: InstructionCycleOperations:ICO|MUX_2_To_1:Memi
 16. Parameter Settings for User Entity Instance: RAM:ramA
 17. Parameter Settings for User Entity Instance: InstructionSetOperations:ISO
 18. Parameter Settings for User Entity Instance: InstructionSetOperations:ISO|MUX_4_To_1:Mux1
 19. Parameter Settings for User Entity Instance: InstructionSetOperations:ISO|Register:regA
 20. Parameter Settings for User Entity Instance: InstructionSetOperations:ISO|AddSubtract:AddSub
 21. Port Connectivity Checks: "InstructionSetOperations:ISO"
 22. Analysis & Synthesis Messages



----------------
; Legal Notice ;
----------------
Copyright (C) 1991-2009 Altera Corporation
Your use of Altera Corporation's design tools, logic functions 
and other software and tools, and its AMPP partner logic 
functions, and any output files from any of the foregoing 
(including device programming or simulation files), and any 
associated documentation or information are expressly subject 
to the terms and conditions of the Altera Program License 
Subscription Agreement, Altera MegaCore Function License 
Agreement, or other applicable license agreement, including, 
without limitation, that your use is for the sole purpose of 
programming logic devices manufactured by Altera and sold by 
Altera or its authorized distributors.  Please refer to the 
applicable agreement for further details.



+------------------------------------------------------------------------------+
; Analysis & Synthesis Summary                                                 ;
+------------------------------------+-----------------------------------------+
; Analysis & Synthesis Status        ; Successful - Tue Dec 01 15:15:20 2015   ;
; Quartus II Version                 ; 9.1 Build 222 10/21/2009 SJ Web Edition ;
; Revision Name                      ; DataPath                                ;
; Top-level Entity Name              ; DataPath                                ;
; Family                             ; Cyclone II                              ;
; Total logic elements               ; 526                                     ;
;     Total combinational functions  ; 518                                     ;
;     Dedicated logic registers      ; 29                                      ;
; Total registers                    ; 29                                      ;
; Total pins                         ; 53                                      ;
; Total virtual pins                 ; 0                                       ;
; Total memory bits                  ; 0                                       ;
; Embedded Multiplier 9-bit elements ; 0                                       ;
; Total PLLs                         ; 0                                       ;
+------------------------------------+-----------------------------------------+


+----------------------------------------------------------------------------------------------------------------------+
; Analysis & Synthesis Settings                                                                                        ;
+----------------------------------------------------------------------------+--------------------+--------------------+
; Option                                                                     ; Setting            ; Default Value      ;
+----------------------------------------------------------------------------+--------------------+--------------------+
; Device                                                                     ; EP2C20F484C7       ;                    ;
; Top-level entity name                                                      ; DataPath           ; DataPath           ;
; Family name                                                                ; Cyclone II         ; Stratix II         ;
; Use Generated Physical Constraints File                                    ; Off                ;                    ;
; Use smart compilation                                                      ; Off                ; Off                ;
; Enable parallel Assembler and TimeQuest Timing Analyzer during compilation ; On                 ; On                 ;
; Enable compact report table                                                ; Off                ; Off                ;
; Restructure Multiplexers                                                   ; Auto               ; Auto               ;
; Create Debugging Nodes for IP Cores                                        ; Off                ; Off                ;
; Preserve fewer node names                                                  ; On                 ; On                 ;
; Disable OpenCore Plus hardware evaluation                                  ; Off                ; Off                ;
; Verilog Version                                                            ; Verilog_2001       ; Verilog_2001       ;
; VHDL Version                                                               ; VHDL_1993          ; VHDL_1993          ;
; State Machine Processing                                                   ; Auto               ; Auto               ;
; Safe State Machine                                                         ; Off                ; Off                ;
; Extract Verilog State Machines                                             ; On                 ; On                 ;
; Extract VHDL State Machines                                                ; On                 ; On                 ;
; Ignore Verilog initial constructs                                          ; Off                ; Off                ;
; Iteration limit for constant Verilog loops                                 ; 5000               ; 5000               ;
; Iteration limit for non-constant Verilog loops                             ; 250                ; 250                ;
; Add Pass-Through Logic to Inferred RAMs                                    ; On                 ; On                 ;
; Parallel Synthesis                                                         ; On                 ; On                 ;
; DSP Block Balancing                                                        ; Auto               ; Auto               ;
; NOT Gate Push-Back                                                         ; On                 ; On                 ;
; Power-Up Don't Care                                                        ; On                 ; On                 ;
; Remove Redundant Logic Cells                                               ; Off                ; Off                ;
; Remove Duplicate Registers                                                 ; On                 ; On                 ;
; Ignore CARRY Buffers                                                       ; Off                ; Off                ;
; Ignore CASCADE Buffers                                                     ; Off                ; Off                ;
; Ignore GLOBAL Buffers                                                      ; Off                ; Off                ;
; Ignore ROW GLOBAL Buffers                                                  ; Off                ; Off                ;
; Ignore LCELL Buffers                                                       ; Off                ; Off                ;
; Ignore SOFT Buffers                                                        ; On                 ; On                 ;
; Limit AHDL Integers to 32 Bits                                             ; Off                ; Off                ;
; Optimization Technique                                                     ; Balanced           ; Balanced           ;
; Carry Chain Length                                                         ; 70                 ; 70                 ;
; Auto Carry Chains                                                          ; On                 ; On                 ;
; Auto Open-Drain Pins                                                       ; On                 ; On                 ;
; Perform WYSIWYG Primitive Resynthesis                                      ; Off                ; Off                ;
; Auto ROM Replacement                                                       ; On                 ; On                 ;
; Auto RAM Replacement                                                       ; On                 ; On                 ;
; Auto Shift Register Replacement                                            ; Auto               ; Auto               ;
; Auto Clock Enable Replacement                                              ; On                 ; On                 ;
; Strict RAM Replacement                                                     ; Off                ; Off                ;
; Allow Synchronous Control Signals                                          ; On                 ; On                 ;
; Force Use of Synchronous Clear Signals                                     ; Off                ; Off                ;
; Auto RAM to Logic Cell Conversion                                          ; Off                ; Off                ;
; Auto Resource Sharing                                                      ; Off                ; Off                ;
; Allow Any RAM Size For Recognition                                         ; Off                ; Off                ;
; Allow Any ROM Size For Recognition                                         ; Off                ; Off                ;
; Allow Any Shift Register Size For Recognition                              ; Off                ; Off                ;
; Use LogicLock Constraints during Resource Balancing                        ; On                 ; On                 ;
; Ignore translate_off and synthesis_off directives                          ; Off                ; Off                ;
; Timing-Driven Synthesis                                                    ; Off                ; Off                ;
; Show Parameter Settings Tables in Synthesis Report                         ; On                 ; On                 ;
; Ignore Maximum Fan-Out Assignments                                         ; Off                ; Off                ;
; Synchronization Register Chain Length                                      ; 2                  ; 2                  ;
; PowerPlay Power Optimization                                               ; Normal compilation ; Normal compilation ;
; HDL message level                                                          ; Level2             ; Level2             ;
; Suppress Register Optimization Related Messages                            ; Off                ; Off                ;
; Number of Removed Registers Reported in Synthesis Report                   ; 100                ; 100                ;
; Number of Inverted Registers Reported in Synthesis Report                  ; 100                ; 100                ;
; Clock MUX Protection                                                       ; On                 ; On                 ;
; Auto Gated Clock Conversion                                                ; Off                ; Off                ;
; Block Design Naming                                                        ; Auto               ; Auto               ;
; SDC constraint protection                                                  ; Off                ; Off                ;
; Synthesis Effort                                                           ; Auto               ; Auto               ;
; Shift Register Replacement - Allow Asynchronous Clear Signal               ; On                 ; On                 ;
; Analysis & Synthesis Message Level                                         ; Medium             ; Medium             ;
; Disable Register Merging Across Hierarchies                                ; Auto               ; Auto               ;
; Resource Aware Inference For Block RAM                                     ; On                 ; On                 ;
+----------------------------------------------------------------------------+--------------------+--------------------+


Parallel compilation was disabled, but you have multiple processors available. Enable parallel compilation to reduce compilation time.
+-------------------------------------+
; Parallel Compilation                ;
+----------------------------+--------+
; Processors                 ; Number ;
+----------------------------+--------+
; Number detected on machine ; 4      ;
; Maximum allowed            ; 1      ;
+----------------------------+--------+


+-----------------------------------------------------------------------------------------------------------------------------------------------------------------+
; Analysis & Synthesis Source Files Read                                                                                                                          ;
+----------------------------------+-----------------+------------------------+-----------------------------------------------------------------------------------+
; File Name with User-Entered Path ; Used in Netlist ; File Type              ; File Name with Absolute Path                                                      ;
+----------------------------------+-----------------+------------------------+-----------------------------------------------------------------------------------+
; AddSubtract.v                    ; yes             ; User Verilog HDL File  ; C:/Users/Student/Desktop/Enhanced Processor/DataPath/AddSubtract.v                ;
; Increment.v                      ; yes             ; User Verilog HDL File  ; C:/Users/Student/Desktop/Enhanced Processor/DataPath/Increment.v                  ;
; InstructionCycleOperations.v     ; yes             ; User Verilog HDL File  ; C:/Users/Student/Desktop/Enhanced Processor/DataPath/InstructionCycleOperations.v ;
; InstructionSetOperations.v       ; yes             ; User Verilog HDL File  ; C:/Users/Student/Desktop/Enhanced Processor/DataPath/InstructionSetOperations.v   ;
; MUX_2_To_1.v                     ; yes             ; User Verilog HDL File  ; C:/Users/Student/Desktop/Enhanced Processor/DataPath/MUX_2_To_1.v                 ;
; MUX_4_To_1.v                     ; yes             ; User Verilog HDL File  ; C:/Users/Student/Desktop/Enhanced Processor/DataPath/MUX_4_To_1.v                 ;
; RAM.v                            ; yes             ; User Verilog HDL File  ; C:/Users/Student/Desktop/Enhanced Processor/DataPath/RAM.v                        ;
; Register.v                       ; yes             ; User Verilog HDL File  ; C:/Users/Student/Desktop/Enhanced Processor/DataPath/Register.v                   ;
; DataPath.v                       ; yes             ; User Verilog HDL File  ; C:/Users/Student/Desktop/Enhanced Processor/DataPath/DataPath.v                   ;
+----------------------------------+-----------------+------------------------+-----------------------------------------------------------------------------------+


+-------------------------------------------------------------------------------------------------------+
; Analysis & Synthesis Resource Usage Summary                                                           ;
+---------------------------------------------+---------------------------------------------------------+
; Resource                                    ; Usage                                                   ;
+---------------------------------------------+---------------------------------------------------------+
; Estimated Total logic elements              ; 526                                                     ;
;                                             ;                                                         ;
; Total combinational functions               ; 518                                                     ;
; Logic element usage by number of LUT inputs ;                                                         ;
;     -- 4 input functions                    ; 194                                                     ;
;     -- 3 input functions                    ; 308                                                     ;
;     -- <=2 input functions                  ; 16                                                      ;
;                                             ;                                                         ;
; Logic elements by mode                      ;                                                         ;
;     -- normal mode                          ; 506                                                     ;
;     -- arithmetic mode                      ; 12                                                      ;
;                                             ;                                                         ;
; Total registers                             ; 29                                                      ;
;     -- Dedicated logic registers            ; 29                                                      ;
;     -- I/O registers                        ; 0                                                       ;
;                                             ;                                                         ;
; I/O pins                                    ; 53                                                      ;
; Maximum fan-out node                        ; InstructionCycleOperations:ICO|MUX_2_To_1:Memi|out[0]~0 ;
; Maximum fan-out                             ; 77                                                      ;
; Total fan-out                               ; 1875                                                    ;
; Average fan-out                             ; 3.13                                                    ;
+---------------------------------------------+---------------------------------------------------------+


+----------------------------------------------------------------------------------------------------------------------------------------------------------------------------------------------------------------------------+
; Analysis & Synthesis Resource Utilization by Entity                                                                                                                                                                        ;
+-------------------------------------+-------------------+--------------+-------------+--------------+---------+-----------+------+--------------+-----------------------------------------------------------+--------------+
; Compilation Hierarchy Node          ; LC Combinationals ; LC Registers ; Memory Bits ; DSP Elements ; DSP 9x9 ; DSP 18x18 ; Pins ; Virtual Pins ; Full Hierarchy Name                                       ; Library Name ;
+-------------------------------------+-------------------+--------------+-------------+--------------+---------+-----------+------+--------------+-----------------------------------------------------------+--------------+
; |DataPath                           ; 518 (32)          ; 29 (0)       ; 0           ; 0            ; 0       ; 0         ; 53   ; 0            ; |DataPath                                                 ; work         ;
;    |InstructionCycleOperations:ICO| ; 10 (0)            ; 13 (0)       ; 0           ; 0            ; 0       ; 0         ; 0    ; 0            ; |DataPath|InstructionCycleOperations:ICO                  ;              ;
;       |MUX_2_To_1:Memi|             ; 5 (5)             ; 0 (0)        ; 0           ; 0            ; 0       ; 0         ; 0    ; 0            ; |DataPath|InstructionCycleOperations:ICO|MUX_2_To_1:Memi  ; work         ;
;       |Register:IR|                 ; 0 (0)             ; 8 (8)        ; 0           ; 0            ; 0       ; 0         ; 0    ; 0            ; |DataPath|InstructionCycleOperations:ICO|Register:IR      ;              ;
;       |Register:PC|                 ; 5 (5)             ; 5 (5)        ; 0           ; 0            ; 0       ; 0         ; 0    ; 0            ; |DataPath|InstructionCycleOperations:ICO|Register:PC      ;              ;
;    |InstructionSetOperations:ISO|   ; 36 (3)            ; 8 (0)        ; 0           ; 0            ; 0       ; 0         ; 0    ; 0            ; |DataPath|InstructionSetOperations:ISO                    ; work         ;
;       |AddSubtract:AddSub|          ; 33 (33)           ; 0 (0)        ; 0           ; 0            ; 0       ; 0         ; 0    ; 0            ; |DataPath|InstructionSetOperations:ISO|AddSubtract:AddSub ; work         ;
;       |Register:regA|               ; 0 (0)             ; 8 (8)        ; 0           ; 0            ; 0       ; 0         ; 0    ; 0            ; |DataPath|InstructionSetOperations:ISO|Register:regA      ; work         ;
;    |RAM:ramA|                       ; 440 (440)         ; 8 (8)        ; 0           ; 0            ; 0       ; 0         ; 0    ; 0            ; |DataPath|RAM:ramA                                        ; work         ;
+-------------------------------------+-------------------+--------------+-------------+--------------+---------+-----------+------+--------------+-----------------------------------------------------------+--------------+
Note: For table entries with two numbers listed, the numbers in parentheses indicate the number of resources of the given type used by the specific entity alone. The numbers listed outside of parentheses indicate the total resources of the given type used by the specific entity and all of its sub-entities in the hierarchy.


+-----------------------------------------------------------------------------------------------------+
; User-Specified and Inferred Latches                                                                 ;
+------------------------------------------------------+---------------------+------------------------+
; Latch Name                                           ; Latch Enable Signal ; Free of Timing Hazards ;
+------------------------------------------------------+---------------------+------------------------+
; RAM:ramA|ram~80                                      ; rtl~0               ; yes                    ;
; RAM:ramA|ram~72                                      ; rtl~1               ; yes                    ;
; RAM:ramA|ram~64                                      ; rtl~2               ; yes                    ;
; RAM:ramA|ram~88                                      ; rtl~3               ; yes                    ;
; RAM:ramA|ram~40                                      ; rtl~4               ; yes                    ;
; RAM:ramA|ram~48                                      ; rtl~5               ; yes                    ;
; RAM:ramA|ram~32                                      ; rtl~6               ; yes                    ;
; RAM:ramA|ram~56                                      ; rtl~7               ; yes                    ;
; RAM:ramA|ram~16                                      ; rtl~8               ; yes                    ;
; RAM:ramA|ram~8                                       ; rtl~9               ; yes                    ;
; RAM:ramA|ram~0                                       ; rtl~10              ; yes                    ;
; RAM:ramA|ram~24                                      ; rtl~11              ; yes                    ;
; RAM:ramA|ram~104                                     ; rtl~12              ; yes                    ;
; RAM:ramA|ram~112                                     ; rtl~13              ; yes                    ;
; RAM:ramA|ram~96                                      ; rtl~14              ; yes                    ;
; RAM:ramA|ram~120                                     ; rtl~15              ; yes                    ;
; RAM:ramA|ram~176                                     ; rtl~16              ; yes                    ;
; RAM:ramA|ram~208                                     ; rtl~17              ; yes                    ;
; RAM:ramA|ram~144                                     ; rtl~18              ; yes                    ;
; RAM:ramA|ram~240                                     ; rtl~19              ; yes                    ;
; RAM:ramA|ram~200                                     ; rtl~20              ; yes                    ;
; RAM:ramA|ram~168                                     ; rtl~21              ; yes                    ;
; RAM:ramA|ram~136                                     ; rtl~22              ; yes                    ;
; RAM:ramA|ram~232                                     ; rtl~23              ; yes                    ;
; RAM:ramA|ram~160                                     ; rtl~24              ; yes                    ;
; RAM:ramA|ram~192                                     ; rtl~25              ; yes                    ;
; RAM:ramA|ram~128                                     ; rtl~26              ; yes                    ;
; RAM:ramA|ram~224                                     ; rtl~27              ; yes                    ;
; RAM:ramA|ram~216                                     ; rtl~28              ; yes                    ;
; RAM:ramA|ram~184                                     ; rtl~29              ; yes                    ;
; RAM:ramA|ram~152                                     ; rtl~30              ; yes                    ;
; RAM:ramA|ram~248                                     ; rtl~31              ; yes                    ;
; RAM:ramA|ram~49                                      ; rtl~5               ; yes                    ;
; RAM:ramA|ram~41                                      ; rtl~4               ; yes                    ;
; RAM:ramA|ram~33                                      ; rtl~6               ; yes                    ;
; RAM:ramA|ram~57                                      ; rtl~7               ; yes                    ;
; RAM:ramA|ram~73                                      ; rtl~1               ; yes                    ;
; RAM:ramA|ram~81                                      ; rtl~0               ; yes                    ;
; RAM:ramA|ram~65                                      ; rtl~2               ; yes                    ;
; RAM:ramA|ram~89                                      ; rtl~3               ; yes                    ;
; RAM:ramA|ram~9                                       ; rtl~9               ; yes                    ;
; RAM:ramA|ram~17                                      ; rtl~8               ; yes                    ;
; RAM:ramA|ram~1                                       ; rtl~10              ; yes                    ;
; RAM:ramA|ram~25                                      ; rtl~11              ; yes                    ;
; RAM:ramA|ram~113                                     ; rtl~13              ; yes                    ;
; RAM:ramA|ram~105                                     ; rtl~12              ; yes                    ;
; RAM:ramA|ram~97                                      ; rtl~14              ; yes                    ;
; RAM:ramA|ram~121                                     ; rtl~15              ; yes                    ;
; RAM:ramA|ram~169                                     ; rtl~21              ; yes                    ;
; RAM:ramA|ram~201                                     ; rtl~20              ; yes                    ;
; RAM:ramA|ram~137                                     ; rtl~22              ; yes                    ;
; RAM:ramA|ram~233                                     ; rtl~23              ; yes                    ;
; RAM:ramA|ram~209                                     ; rtl~17              ; yes                    ;
; RAM:ramA|ram~177                                     ; rtl~16              ; yes                    ;
; RAM:ramA|ram~145                                     ; rtl~18              ; yes                    ;
; RAM:ramA|ram~241                                     ; rtl~19              ; yes                    ;
; RAM:ramA|ram~193                                     ; rtl~25              ; yes                    ;
; RAM:ramA|ram~161                                     ; rtl~24              ; yes                    ;
; RAM:ramA|ram~129                                     ; rtl~26              ; yes                    ;
; RAM:ramA|ram~225                                     ; rtl~27              ; yes                    ;
; RAM:ramA|ram~185                                     ; rtl~29              ; yes                    ;
; RAM:ramA|ram~217                                     ; rtl~28              ; yes                    ;
; RAM:ramA|ram~153                                     ; rtl~30              ; yes                    ;
; RAM:ramA|ram~249                                     ; rtl~31              ; yes                    ;
; RAM:ramA|ram~82                                      ; rtl~0               ; yes                    ;
; RAM:ramA|ram~74                                      ; rtl~1               ; yes                    ;
; RAM:ramA|ram~66                                      ; rtl~2               ; yes                    ;
; RAM:ramA|ram~90                                      ; rtl~3               ; yes                    ;
; RAM:ramA|ram~42                                      ; rtl~4               ; yes                    ;
; RAM:ramA|ram~50                                      ; rtl~5               ; yes                    ;
; RAM:ramA|ram~34                                      ; rtl~6               ; yes                    ;
; RAM:ramA|ram~58                                      ; rtl~7               ; yes                    ;
; RAM:ramA|ram~18                                      ; rtl~8               ; yes                    ;
; RAM:ramA|ram~10                                      ; rtl~9               ; yes                    ;
; RAM:ramA|ram~2                                       ; rtl~10              ; yes                    ;
; RAM:ramA|ram~26                                      ; rtl~11              ; yes                    ;
; RAM:ramA|ram~106                                     ; rtl~12              ; yes                    ;
; RAM:ramA|ram~114                                     ; rtl~13              ; yes                    ;
; RAM:ramA|ram~98                                      ; rtl~14              ; yes                    ;
; RAM:ramA|ram~122                                     ; rtl~15              ; yes                    ;
; RAM:ramA|ram~178                                     ; rtl~16              ; yes                    ;
; RAM:ramA|ram~210                                     ; rtl~17              ; yes                    ;
; RAM:ramA|ram~146                                     ; rtl~18              ; yes                    ;
; RAM:ramA|ram~242                                     ; rtl~19              ; yes                    ;
; RAM:ramA|ram~202                                     ; rtl~20              ; yes                    ;
; RAM:ramA|ram~170                                     ; rtl~21              ; yes                    ;
; RAM:ramA|ram~138                                     ; rtl~22              ; yes                    ;
; RAM:ramA|ram~234                                     ; rtl~23              ; yes                    ;
; RAM:ramA|ram~162                                     ; rtl~24              ; yes                    ;
; RAM:ramA|ram~194                                     ; rtl~25              ; yes                    ;
; RAM:ramA|ram~130                                     ; rtl~26              ; yes                    ;
; RAM:ramA|ram~226                                     ; rtl~27              ; yes                    ;
; RAM:ramA|ram~218                                     ; rtl~28              ; yes                    ;
; RAM:ramA|ram~186                                     ; rtl~29              ; yes                    ;
; RAM:ramA|ram~154                                     ; rtl~30              ; yes                    ;
; RAM:ramA|ram~250                                     ; rtl~31              ; yes                    ;
; RAM:ramA|ram~51                                      ; rtl~5               ; yes                    ;
; RAM:ramA|ram~43                                      ; rtl~4               ; yes                    ;
; RAM:ramA|ram~35                                      ; rtl~6               ; yes                    ;
; RAM:ramA|ram~59                                      ; rtl~7               ; yes                    ;
; Number of user-specified and inferred latches = 256  ;                     ;                        ;
+------------------------------------------------------+---------------------+------------------------+
Table restricted to first 100 entries. Note: All latches listed above may not be present at the end of synthesis due to various synthesis optimizations.


+------------------------------------------------------+
; General Register Statistics                          ;
+----------------------------------------------+-------+
; Statistic                                    ; Value ;
+----------------------------------------------+-------+
; Total registers                              ; 29    ;
; Number of registers using Synchronous Clear  ; 0     ;
; Number of registers using Synchronous Load   ; 5     ;
; Number of registers using Asynchronous Clear ; 21    ;
; Number of registers using Asynchronous Load  ; 0     ;
; Number of registers using Clock Enable       ; 29    ;
; Number of registers using Preset             ; 0     ;
+----------------------------------------------+-------+


+-----------------------------------------------------------------------------------------------------------------------------------------------------------------------------+
; Multiplexer Restructuring Statistics (Restructuring Performed)                                                                                                              ;
+--------------------+-----------+---------------+----------------------+------------------------+------------+---------------------------------------------------------------+
; Multiplexer Inputs ; Bus Width ; Baseline Area ; Area if Restructured ; Saving if Restructured ; Registered ; Example Multiplexer Output                                    ;
+--------------------+-----------+---------------+----------------------+------------------------+------------+---------------------------------------------------------------+
; 4:1                ; 8 bits    ; 16 LEs        ; 16 LEs               ; 0 LEs                  ; Yes        ; |DataPath|InstructionSetOperations:ISO|Register:regA|A_Reg[0] ;
+--------------------+-----------+---------------+----------------------+------------------------+------------+---------------------------------------------------------------+


+-----------------------------------------------------------------------------------------+
; Parameter Settings for User Entity Instance: InstructionCycleOperations:ICO|Register:IR ;
+----------------+-------+----------------------------------------------------------------+
; Parameter Name ; Value ; Type                                                           ;
+----------------+-------+----------------------------------------------------------------+
; n              ; 8     ; Signed Integer                                                 ;
+----------------+-------+----------------------------------------------------------------+
Note: In order to hide this table in the UI and the text report file, please set the "Show Parameter Settings Tables in Synthesis Report" option in "Analysis and Synthesis Settings -> More Settings" to "Off".


+--------------------------------------------------------------------------------------------+
; Parameter Settings for User Entity Instance: InstructionCycleOperations:ICO|MUX_2_To_1:IMP ;
+----------------+-------+-------------------------------------------------------------------+
; Parameter Name ; Value ; Type                                                              ;
+----------------+-------+-------------------------------------------------------------------+
; n              ; 5     ; Signed Integer                                                    ;
+----------------+-------+-------------------------------------------------------------------+
Note: In order to hide this table in the UI and the text report file, please set the "Show Parameter Settings Tables in Synthesis Report" option in "Analysis and Synthesis Settings -> More Settings" to "Off".


+-----------------------------------------------------------------------------------------+
; Parameter Settings for User Entity Instance: InstructionCycleOperations:ICO|Register:PC ;
+----------------+-------+----------------------------------------------------------------+
; Parameter Name ; Value ; Type                                                           ;
+----------------+-------+----------------------------------------------------------------+
; n              ; 5     ; Signed Integer                                                 ;
+----------------+-------+----------------------------------------------------------------+
Note: In order to hide this table in the UI and the text report file, please set the "Show Parameter Settings Tables in Synthesis Report" option in "Analysis and Synthesis Settings -> More Settings" to "Off".


+--------------------------------------------------------------------------------------------+
; Parameter Settings for User Entity Instance: InstructionCycleOperations:ICO|Increment:Inc1 ;
+----------------+-------+-------------------------------------------------------------------+
; Parameter Name ; Value ; Type                                                              ;
+----------------+-------+-------------------------------------------------------------------+
; n              ; 5     ; Signed Integer                                                    ;
+----------------+-------+-------------------------------------------------------------------+
Note: In order to hide this table in the UI and the text report file, please set the "Show Parameter Settings Tables in Synthesis Report" option in "Analysis and Synthesis Settings -> More Settings" to "Off".


+---------------------------------------------------------------------------------------------+
; Parameter Settings for User Entity Instance: InstructionCycleOperations:ICO|MUX_2_To_1:Memi ;
+----------------+-------+--------------------------------------------------------------------+
; Parameter Name ; Value ; Type                                                               ;
+----------------+-------+--------------------------------------------------------------------+
; n              ; 5     ; Signed Integer                                                     ;
+----------------+-------+--------------------------------------------------------------------+
Note: In order to hide this table in the UI and the text report file, please set the "Show Parameter Settings Tables in Synthesis Report" option in "Analysis and Synthesis Settings -> More Settings" to "Off".


+-------------------------------------------------------+
; Parameter Settings for User Entity Instance: RAM:ramA ;
+----------------+-------+------------------------------+
; Parameter Name ; Value ; Type                         ;
+----------------+-------+------------------------------+
; n              ; 8     ; Signed Integer               ;
+----------------+-------+------------------------------+
Note: In order to hide this table in the UI and the text report file, please set the "Show Parameter Settings Tables in Synthesis Report" option in "Analysis and Synthesis Settings -> More Settings" to "Off".


+---------------------------------------------------------------------------+
; Parameter Settings for User Entity Instance: InstructionSetOperations:ISO ;
+----------------+-------+--------------------------------------------------+
; Parameter Name ; Value ; Type                                             ;
+----------------+-------+--------------------------------------------------+
; n              ; 8     ; Signed Integer                                   ;
+----------------+-------+--------------------------------------------------+
Note: In order to hide this table in the UI and the text report file, please set the "Show Parameter Settings Tables in Synthesis Report" option in "Analysis and Synthesis Settings -> More Settings" to "Off".


+-------------------------------------------------------------------------------------------+
; Parameter Settings for User Entity Instance: InstructionSetOperations:ISO|MUX_4_To_1:Mux1 ;
+----------------+-------+------------------------------------------------------------------+
; Parameter Name ; Value ; Type                                                             ;
+----------------+-------+------------------------------------------------------------------+
; b              ; 8     ; Signed Integer                                                   ;
+----------------+-------+------------------------------------------------------------------+
Note: In order to hide this table in the UI and the text report file, please set the "Show Parameter Settings Tables in Synthesis Report" option in "Analysis and Synthesis Settings -> More Settings" to "Off".


+-----------------------------------------------------------------------------------------+
; Parameter Settings for User Entity Instance: InstructionSetOperations:ISO|Register:regA ;
+----------------+-------+----------------------------------------------------------------+
; Parameter Name ; Value ; Type                                                           ;
+----------------+-------+----------------------------------------------------------------+
; n              ; 8     ; Signed Integer                                                 ;
+----------------+-------+----------------------------------------------------------------+
Note: In order to hide this table in the UI and the text report file, please set the "Show Parameter Settings Tables in Synthesis Report" option in "Analysis and Synthesis Settings -> More Settings" to "Off".


+----------------------------------------------------------------------------------------------+
; Parameter Settings for User Entity Instance: InstructionSetOperations:ISO|AddSubtract:AddSub ;
+----------------+-------+---------------------------------------------------------------------+
; Parameter Name ; Value ; Type                                                                ;
+----------------+-------+---------------------------------------------------------------------+
; n              ; 8     ; Signed Integer                                                      ;
+----------------+-------+---------------------------------------------------------------------+
Note: In order to hide this table in the UI and the text report file, please set the "Show Parameter Settings Tables in Synthesis Report" option in "Analysis and Synthesis Settings -> More Settings" to "Off".


+----------------------------------------------------------+
; Port Connectivity Checks: "InstructionSetOperations:ISO" ;
+------+-------+----------+--------------------------------+
; Port ; Type  ; Severity ; Details                        ;
+------+-------+----------+--------------------------------+
; GND  ; Input ; Info     ; Stuck at GND                   ;
+------+-------+----------+--------------------------------+


+-------------------------------+
; Analysis & Synthesis Messages ;
+-------------------------------+
Info: *******************************************************************
Info: Running Quartus II Analysis & Synthesis
    Info: Version 9.1 Build 222 10/21/2009 SJ Web Edition
    Info: Processing started: Tue Dec 01 15:15:17 2015
Info: Command: quartus_map --read_settings_files=on --write_settings_files=off DataPath -c DataPath
Info: Found 1 design units, including 1 entities, in source file addsubtract.v
    Info: Found entity 1: AddSubtract
Info: Found 1 design units, including 1 entities, in source file increment.v
    Info: Found entity 1: Increment
Info: Found 1 design units, including 1 entities, in source file instructioncycleoperations.v
    Info: Found entity 1: InstructionCycleOperations
Info: Found 1 design units, including 1 entities, in source file instructionsetoperations.v
    Info: Found entity 1: InstructionSetOperations
Info: Found 1 design units, including 1 entities, in source file mux_2_to_1.v
    Info: Found entity 1: MUX_2_To_1
Info: Found 1 design units, including 1 entities, in source file mux_4_to_1.v
    Info: Found entity 1: MUX_4_To_1
Info: Found 1 design units, including 1 entities, in source file ram.v
    Info: Found entity 1: RAM
Info: Found 1 design units, including 1 entities, in source file register.v
    Info: Found entity 1: Register
Info: Found 1 design units, including 1 entities, in source file datapath.v
    Info: Found entity 1: DataPath
Info: Found 1 design units, including 1 entities, in source file datapath_tb.v
    Info: Found entity 1: DataPath_tb
Info: Elaborating entity "DataPath" for the top level hierarchy
Warning (10034): Output port "out" at DataPath.v(6) has no driver
Info: Elaborating entity "InstructionCycleOperations" for hierarchy "InstructionCycleOperations:ICO"
Info: Elaborating entity "Register" for hierarchy "InstructionCycleOperations:ICO|Register:IR"
Info: Elaborating entity "MUX_2_To_1" for hierarchy "InstructionCycleOperations:ICO|MUX_2_To_1:IMP"
Info: Elaborating entity "Register" for hierarchy "InstructionCycleOperations:ICO|Register:PC"
Info: Elaborating entity "Increment" for hierarchy "InstructionCycleOperations:ICO|Increment:Inc1"
Warning (10230): Verilog HDL assignment warning at increment.v(8): truncated value with size 32 to match size of target (5)
Info: Elaborating entity "RAM" for hierarchy "RAM:ramA"
Info: Elaborating entity "InstructionSetOperations" for hierarchy "InstructionSetOperations:ISO"
Warning (10230): Verilog HDL assignment warning at InstructionSetOperations.v(25): truncated value with size 32 to match size of target (1)
Warning (10230): Verilog HDL assignment warning at InstructionSetOperations.v(26): truncated value with size 32 to match size of target (1)
Info: Elaborating entity "MUX_4_To_1" for hierarchy "InstructionSetOperations:ISO|MUX_4_To_1:Mux1"
Warning (10235): Verilog HDL Always Construct warning at mux_4_to_1.v(12): variable "intA" is read inside the Always Construct but isn't in the Always Construct's Event Control
Warning (10235): Verilog HDL Always Construct warning at mux_4_to_1.v(13): variable "intB" is read inside the Always Construct but isn't in the Always Construct's Event Control
Warning (10235): Verilog HDL Always Construct warning at mux_4_to_1.v(14): variable "intC" is read inside the Always Construct but isn't in the Always Construct's Event Control
Warning (10235): Verilog HDL Always Construct warning at mux_4_to_1.v(15): variable "intD" is read inside the Always Construct but isn't in the Always Construct's Event Control
Info: Elaborating entity "AddSubtract" for hierarchy "InstructionSetOperations:ISO|AddSubtract:AddSub"
Warning: Output pins are stuck at VCC or GND
    Warning (13410): Pin "out[0]" is stuck at GND
    Warning (13410): Pin "out[1]" is stuck at GND
    Warning (13410): Pin "out[2]" is stuck at GND
    Warning (13410): Pin "out[3]" is stuck at GND
    Warning (13410): Pin "out[4]" is stuck at GND
    Warning (13410): Pin "out[5]" is stuck at GND
    Warning (13410): Pin "out[6]" is stuck at GND
    Warning (13410): Pin "out[7]" is stuck at GND
Info: Implemented 579 device resources after synthesis - the final resource count might be different
    Info: Implemented 19 input pins
    Info: Implemented 34 output pins
    Info: Implemented 526 logic cells
Info: Quartus II Analysis & Synthesis was successful. 0 errors, 18 warnings
    Info: Peak virtual memory: 202 megabytes
    Info: Processing ended: Tue Dec 01 15:15:20 2015
    Info: Elapsed time: 00:00:03
    Info: Total CPU time (on all processors): 00:00:01


