Classic Timing Analyzer report for MUX_2_To_1
Mon Nov 16 13:45:37 2015
Quartus II Version 9.1 Build 222 10/21/2009 SJ Web Edition


---------------------
; Table of Contents ;
---------------------
  1. Legal Notice
  2. Timing Analyzer Summary
  3. Timing Analyzer Settings
  4. Parallel Compilation
  5. tpd
  6. Timing Analyzer Messages



----------------
; Legal Notice ;
----------------
Copyright (C) 1991-2009 Altera Corporation
Your use of Altera Corporation's design tools, logic functions 
and other software and tools, and its AMPP partner logic 
functions, and any output files from any of the foregoing 
(including device programming or simulation files), and any 
associated documentation or information are expressly subject 
to the terms and conditions of the Altera Program License 
Subscription Agreement, Altera MegaCore Function License 
Agreement, or other applicable license agreement, including, 
without limitation, that your use is for the sole purpose of 
programming logic devices manufactured by Altera and sold by 
Altera or its authorized distributors.  Please refer to the 
applicable agreement for further details.



+-----------------------------------------------------------------------------------------------------------------------------+
; Timing Analyzer Summary                                                                                                     ;
+------------------------------+-------+---------------+-------------+--------+--------+------------+----------+--------------+
; Type                         ; Slack ; Required Time ; Actual Time ; From   ; To     ; From Clock ; To Clock ; Failed Paths ;
+------------------------------+-------+---------------+-------------+--------+--------+------------+----------+--------------+
; Worst-case tpd               ; N/A   ; None          ; 10.199 ns   ; inA[1] ; out[1] ; --         ; --       ; 0            ;
; Total number of failed paths ;       ;               ;             ;        ;        ;            ;          ; 0            ;
+------------------------------+-------+---------------+-------------+--------+--------+------------+----------+--------------+


+-----------------------------------------------------------------------------------------------------------------------------------------------------+
; Timing Analyzer Settings                                                                                                                            ;
+------------------------------------------------------------------------------------------------------+--------------------+------+----+-------------+
; Option                                                                                               ; Setting            ; From ; To ; Entity Name ;
+------------------------------------------------------------------------------------------------------+--------------------+------+----+-------------+
; Device Name                                                                                          ; EP2S15F484C3       ;      ;    ;             ;
; Timing Models                                                                                        ; Final              ;      ;    ;             ;
; Default hold multicycle                                                                              ; Same as Multicycle ;      ;    ;             ;
; Cut paths between unrelated clock domains                                                            ; On                 ;      ;    ;             ;
; Cut off read during write signal paths                                                               ; On                 ;      ;    ;             ;
; Cut off feedback from I/O pins                                                                       ; On                 ;      ;    ;             ;
; Report Combined Fast/Slow Timing                                                                     ; Off                ;      ;    ;             ;
; Ignore Clock Settings                                                                                ; Off                ;      ;    ;             ;
; Analyze latches as synchronous elements                                                              ; On                 ;      ;    ;             ;
; Enable Recovery/Removal analysis                                                                     ; Off                ;      ;    ;             ;
; Enable Clock Latency                                                                                 ; Off                ;      ;    ;             ;
; Use TimeQuest Timing Analyzer                                                                        ; Off                ;      ;    ;             ;
; Number of source nodes to report per destination node                                                ; 10                 ;      ;    ;             ;
; Number of destination nodes to report                                                                ; 10                 ;      ;    ;             ;
; Number of paths to report                                                                            ; 200                ;      ;    ;             ;
; Report Minimum Timing Checks                                                                         ; Off                ;      ;    ;             ;
; Use Fast Timing Models                                                                               ; Off                ;      ;    ;             ;
; Report IO Paths Separately                                                                           ; Off                ;      ;    ;             ;
; Perform Multicorner Analysis                                                                         ; On                 ;      ;    ;             ;
; Reports the worst-case path for each clock domain and analysis                                       ; Off                ;      ;    ;             ;
; Reports worst-case timing paths for each clock domain and analysis                                   ; Off                ;      ;    ;             ;
; Specifies the maximum number of worst-case timing paths to report for each clock domain and analysis ; 100                ;      ;    ;             ;
; Removes common clock path pessimism (CCPP) during slack computation                                  ; Off                ;      ;    ;             ;
; Output I/O Timing Endpoint                                                                           ; Near End           ;      ;    ;             ;
+------------------------------------------------------------------------------------------------------+--------------------+------+----+-------------+


Parallel compilation was disabled, but you have multiple processors available. Enable parallel compilation to reduce compilation time.
+-------------------------------------+
; Parallel Compilation                ;
+----------------------------+--------+
; Processors                 ; Number ;
+----------------------------+--------+
; Number detected on machine ; 4      ;
; Maximum allowed            ; 1      ;
+----------------------------+--------+


+---------------------------------------------------------------+
; tpd                                                           ;
+-------+-------------------+-----------------+--------+--------+
; Slack ; Required P2P Time ; Actual P2P Time ; From   ; To     ;
+-------+-------------------+-----------------+--------+--------+
; N/A   ; None              ; 10.199 ns       ; inA[1] ; out[1] ;
; N/A   ; None              ; 9.921 ns        ; sel[0] ; out[1] ;
; N/A   ; None              ; 9.814 ns        ; inB[0] ; out[0] ;
; N/A   ; None              ; 9.725 ns        ; inB[1] ; out[1] ;
; N/A   ; None              ; 9.557 ns        ; sel[0] ; out[0] ;
; N/A   ; None              ; 9.031 ns        ; inB[2] ; out[2] ;
; N/A   ; None              ; 9.008 ns        ; sel[0] ; out[2] ;
; N/A   ; None              ; 8.935 ns        ; inA[0] ; out[0] ;
; N/A   ; None              ; 8.880 ns        ; sel[0] ; out[3] ;
; N/A   ; None              ; 8.841 ns        ; inB[3] ; out[3] ;
; N/A   ; None              ; 8.674 ns        ; inA[3] ; out[3] ;
; N/A   ; None              ; 8.488 ns        ; inA[4] ; out[4] ;
; N/A   ; None              ; 8.464 ns        ; sel[0] ; out[4] ;
; N/A   ; None              ; 8.379 ns        ; inA[2] ; out[2] ;
; N/A   ; None              ; 7.954 ns        ; inB[4] ; out[4] ;
+-------+-------------------+-----------------+--------+--------+


+--------------------------+
; Timing Analyzer Messages ;
+--------------------------+
Info: *******************************************************************
Info: Running Quartus II Classic Timing Analyzer
    Info: Version 9.1 Build 222 10/21/2009 SJ Web Edition
    Info: Processing started: Mon Nov 16 13:45:36 2015
Info: Command: quartus_tan --read_settings_files=off --write_settings_files=off MUX_2_To_1 -c MUX_2_To_1 --timing_analysis_only
Info: Longest tpd from source pin "inA[1]" to destination pin "out[1]" is 10.199 ns
    Info: 1: + IC(0.000 ns) + CELL(0.799 ns) = 0.799 ns; Loc. = PIN_W10; Fanout = 1; PIN Node = 'inA[1]'
    Info: 2: + IC(5.035 ns) + CELL(0.228 ns) = 6.062 ns; Loc. = LCCOMB_X9_Y20_N16; Fanout = 1; COMB Node = 'out~1'
    Info: 3: + IC(1.993 ns) + CELL(2.144 ns) = 10.199 ns; Loc. = PIN_H2; Fanout = 0; PIN Node = 'out[1]'
    Info: Total cell delay = 3.171 ns ( 31.09 % )
    Info: Total interconnect delay = 7.028 ns ( 68.91 % )
Info: Quartus II Classic Timing Analyzer was successful. 0 errors, 1 warning
    Info: Peak virtual memory: 161 megabytes
    Info: Processing ended: Mon Nov 16 13:45:37 2015
    Info: Elapsed time: 00:00:01
    Info: Total CPU time (on all processors): 00:00:00


