Analysis & Synthesis report for CU
Tue Oct 27 17:34:13 2015
Quartus II Version 9.1 Build 222 10/21/2009 SJ Web Edition


---------------------
; Table of Contents ;
---------------------
  1. Legal Notice
  2. Analysis & Synthesis Summary
  3. Analysis & Synthesis Settings
  4. Parallel Compilation
  5. Analysis & Synthesis Source Files Read
  6. Analysis & Synthesis Resource Usage Summary
  7. Analysis & Synthesis Resource Utilization by Entity
  8. State Machine - |CU|CurrState
  9. Registers Removed During Synthesis
 10. General Register Statistics
 11. Parameter Settings for User Entity Instance: Top-level Entity: |CU
 12. Analysis & Synthesis Messages
 13. Analysis & Synthesis Suppressed Messages



----------------
; Legal Notice ;
----------------
Copyright (C) 1991-2009 Altera Corporation
Your use of Altera Corporation's design tools, logic functions 
and other software and tools, and its AMPP partner logic 
functions, and any output files from any of the foregoing 
(including device programming or simulation files), and any 
associated documentation or information are expressly subject 
to the terms and conditions of the Altera Program License 
Subscription Agreement, Altera MegaCore Function License 
Agreement, or other applicable license agreement, including, 
without limitation, that your use is for the sole purpose of 
programming logic devices manufactured by Altera and sold by 
Altera or its authorized distributors.  Please refer to the 
applicable agreement for further details.



+------------------------------------------------------------------------------+
; Analysis & Synthesis Summary                                                 ;
+------------------------------------+-----------------------------------------+
; Analysis & Synthesis Status        ; Successful - Tue Oct 27 17:34:13 2015   ;
; Quartus II Version                 ; 9.1 Build 222 10/21/2009 SJ Web Edition ;
; Revision Name                      ; CU                                      ;
; Top-level Entity Name              ; CU                                      ;
; Family                             ; Cyclone II                              ;
; Total logic elements               ; 72                                      ;
;     Total combinational functions  ; 71                                      ;
;     Dedicated logic registers      ; 37                                      ;
; Total registers                    ; 37                                      ;
; Total pins                         ; 24                                      ;
; Total virtual pins                 ; 0                                       ;
; Total memory bits                  ; 0                                       ;
; Embedded Multiplier 9-bit elements ; 0                                       ;
; Total PLLs                         ; 0                                       ;
+------------------------------------+-----------------------------------------+


+----------------------------------------------------------------------------------------------------------------------+
; Analysis & Synthesis Settings                                                                                        ;
+----------------------------------------------------------------------------+--------------------+--------------------+
; Option                                                                     ; Setting            ; Default Value      ;
+----------------------------------------------------------------------------+--------------------+--------------------+
; Device                                                                     ; EP2C20F484C7       ;                    ;
; Top-level entity name                                                      ; CU                 ; CU                 ;
; Family name                                                                ; Cyclone II         ; Stratix II         ;
; Use Generated Physical Constraints File                                    ; Off                ;                    ;
; Use smart compilation                                                      ; Off                ; Off                ;
; Enable parallel Assembler and TimeQuest Timing Analyzer during compilation ; On                 ; On                 ;
; Enable compact report table                                                ; Off                ; Off                ;
; Restructure Multiplexers                                                   ; Auto               ; Auto               ;
; Create Debugging Nodes for IP Cores                                        ; Off                ; Off                ;
; Preserve fewer node names                                                  ; On                 ; On                 ;
; Disable OpenCore Plus hardware evaluation                                  ; Off                ; Off                ;
; Verilog Version                                                            ; Verilog_2001       ; Verilog_2001       ;
; VHDL Version                                                               ; VHDL_1993          ; VHDL_1993          ;
; State Machine Processing                                                   ; Auto               ; Auto               ;
; Safe State Machine                                                         ; Off                ; Off                ;
; Extract Verilog State Machines                                             ; On                 ; On                 ;
; Extract VHDL State Machines                                                ; On                 ; On                 ;
; Ignore Verilog initial constructs                                          ; Off                ; Off                ;
; Iteration limit for constant Verilog loops                                 ; 5000               ; 5000               ;
; Iteration limit for non-constant Verilog loops                             ; 250                ; 250                ;
; Add Pass-Through Logic to Inferred RAMs                                    ; On                 ; On                 ;
; Parallel Synthesis                                                         ; On                 ; On                 ;
; DSP Block Balancing                                                        ; Auto               ; Auto               ;
; NOT Gate Push-Back                                                         ; On                 ; On                 ;
; Power-Up Don't Care                                                        ; On                 ; On                 ;
; Remove Redundant Logic Cells                                               ; Off                ; Off                ;
; Remove Duplicate Registers                                                 ; On                 ; On                 ;
; Ignore CARRY Buffers                                                       ; Off                ; Off                ;
; Ignore CASCADE Buffers                                                     ; Off                ; Off                ;
; Ignore GLOBAL Buffers                                                      ; Off                ; Off                ;
; Ignore ROW GLOBAL Buffers                                                  ; Off                ; Off                ;
; Ignore LCELL Buffers                                                       ; Off                ; Off                ;
; Ignore SOFT Buffers                                                        ; On                 ; On                 ;
; Limit AHDL Integers to 32 Bits                                             ; Off                ; Off                ;
; Optimization Technique                                                     ; Balanced           ; Balanced           ;
; Carry Chain Length                                                         ; 70                 ; 70                 ;
; Auto Carry Chains                                                          ; On                 ; On                 ;
; Auto Open-Drain Pins                                                       ; On                 ; On                 ;
; Perform WYSIWYG Primitive Resynthesis                                      ; Off                ; Off                ;
; Auto ROM Replacement                                                       ; On                 ; On                 ;
; Auto RAM Replacement                                                       ; On                 ; On                 ;
; Auto Shift Register Replacement                                            ; Auto               ; Auto               ;
; Auto Clock Enable Replacement                                              ; On                 ; On                 ;
; Strict RAM Replacement                                                     ; Off                ; Off                ;
; Allow Synchronous Control Signals                                          ; On                 ; On                 ;
; Force Use of Synchronous Clear Signals                                     ; Off                ; Off                ;
; Auto RAM to Logic Cell Conversion                                          ; Off                ; Off                ;
; Auto Resource Sharing                                                      ; Off                ; Off                ;
; Allow Any RAM Size For Recognition                                         ; Off                ; Off                ;
; Allow Any ROM Size For Recognition                                         ; Off                ; Off                ;
; Allow Any Shift Register Size For Recognition                              ; Off                ; Off                ;
; Use LogicLock Constraints during Resource Balancing                        ; On                 ; On                 ;
; Ignore translate_off and synthesis_off directives                          ; Off                ; Off                ;
; Timing-Driven Synthesis                                                    ; Off                ; Off                ;
; Show Parameter Settings Tables in Synthesis Report                         ; On                 ; On                 ;
; Ignore Maximum Fan-Out Assignments                                         ; Off                ; Off                ;
; Synchronization Register Chain Length                                      ; 2                  ; 2                  ;
; PowerPlay Power Optimization                                               ; Normal compilation ; Normal compilation ;
; HDL message level                                                          ; Level2             ; Level2             ;
; Suppress Register Optimization Related Messages                            ; Off                ; Off                ;
; Number of Removed Registers Reported in Synthesis Report                   ; 100                ; 100                ;
; Number of Inverted Registers Reported in Synthesis Report                  ; 100                ; 100                ;
; Clock MUX Protection                                                       ; On                 ; On                 ;
; Auto Gated Clock Conversion                                                ; Off                ; Off                ;
; Block Design Naming                                                        ; Auto               ; Auto               ;
; SDC constraint protection                                                  ; Off                ; Off                ;
; Synthesis Effort                                                           ; Auto               ; Auto               ;
; Shift Register Replacement - Allow Asynchronous Clear Signal               ; On                 ; On                 ;
; Analysis & Synthesis Message Level                                         ; Medium             ; Medium             ;
; Disable Register Merging Across Hierarchies                                ; Auto               ; Auto               ;
; Resource Aware Inference For Block RAM                                     ; On                 ; On                 ;
+----------------------------------------------------------------------------+--------------------+--------------------+


Parallel compilation was disabled, but you have multiple processors available. Enable parallel compilation to reduce compilation time.
+-------------------------------------+
; Parallel Compilation                ;
+----------------------------+--------+
; Processors                 ; Number ;
+----------------------------+--------+
; Number detected on machine ; 4      ;
; Maximum allowed            ; 1      ;
+----------------------------+--------+


+-----------------------------------------------------------------------------------------------------------------------------------------------------------------------+
; Analysis & Synthesis Source Files Read                                                                                                                                ;
+----------------------------------+-----------------+------------------------+-----------------------------------------------------------------------------------------+
; File Name with User-Entered Path ; Used in Netlist ; File Type              ; File Name with Absolute Path                                                            ;
+----------------------------------+-----------------+------------------------+-----------------------------------------------------------------------------------------+
; oneSecClock.v                    ; yes             ; User Verilog HDL File  ; C:/Users/Student/Desktop/ASIC and FPGA design BAME2044/LAB 2/Control Unit/oneSecClock.v ;
; CU.v                             ; yes             ; User Verilog HDL File  ; C:/Users/Student/Desktop/ASIC and FPGA design BAME2044/LAB 2/Control Unit/CU.v          ;
+----------------------------------+-----------------+------------------------+-----------------------------------------------------------------------------------------+


+------------------------------------------------------+
; Analysis & Synthesis Resource Usage Summary          ;
+---------------------------------------------+--------+
; Resource                                    ; Usage  ;
+---------------------------------------------+--------+
; Estimated Total logic elements              ; 72     ;
;                                             ;        ;
; Total combinational functions               ; 71     ;
; Logic element usage by number of LUT inputs ;        ;
;     -- 4 input functions                    ; 23     ;
;     -- 3 input functions                    ; 12     ;
;     -- <=2 input functions                  ; 36     ;
;                                             ;        ;
; Logic elements by mode                      ;        ;
;     -- normal mode                          ; 47     ;
;     -- arithmetic mode                      ; 24     ;
;                                             ;        ;
; Total registers                             ; 37     ;
;     -- Dedicated logic registers            ; 37     ;
;     -- I/O registers                        ; 0      ;
;                                             ;        ;
; I/O pins                                    ; 24     ;
; Maximum fan-out node                        ; KEY[0] ;
; Maximum fan-out                             ; 37     ;
; Total fan-out                               ; 322    ;
; Average fan-out                             ; 2.44   ;
+---------------------------------------------+--------+


+---------------------------------------------------------------------------------------------------------------------------------------------------------------------------------+
; Analysis & Synthesis Resource Utilization by Entity                                                                                                                             ;
+----------------------------+-------------------+--------------+-------------+--------------+---------+-----------+------+--------------+-------------------------+--------------+
; Compilation Hierarchy Node ; LC Combinationals ; LC Registers ; Memory Bits ; DSP Elements ; DSP 9x9 ; DSP 18x18 ; Pins ; Virtual Pins ; Full Hierarchy Name     ; Library Name ;
+----------------------------+-------------------+--------------+-------------+--------------+---------+-----------+------+--------------+-------------------------+--------------+
; |CU                        ; 71 (23)           ; 37 (11)      ; 0           ; 0            ; 0       ; 0         ; 24   ; 0            ; |CU                     ; work         ;
;    |oneSecClock:comb_32|   ; 48 (48)           ; 26 (26)      ; 0           ; 0            ; 0       ; 0         ; 0    ; 0            ; |CU|oneSecClock:comb_32 ;              ;
+----------------------------+-------------------+--------------+-------------+--------------+---------+-----------+------+--------------+-------------------------+--------------+
Note: For table entries with two numbers listed, the numbers in parentheses indicate the number of resources of the given type used by the specific entity alone. The numbers listed outside of parentheses indicate the total resources of the given type used by the specific entity and all of its sub-entities in the hierarchy.


Encoding Type:  One-Hot
+---------------------------------------------------------------------------------------------------------------------------------------------------------------------------------------------------------------+
; State Machine - |CU|CurrState                                                                                                                                                                                 ;
+------------------+----------------+----------------+--------------+-----------------+---------------+---------------+-----------------+----------------+------------------+-----------------+-----------------+
; Name             ; CurrState.halt ; CurrState.jpos ; CurrState.jz ; CurrState.Input ; CurrState.sub ; CurrState.add ; CurrState.store ; CurrState.load ; CurrState.decode ; CurrState.fetch ; CurrState.start ;
+------------------+----------------+----------------+--------------+-----------------+---------------+---------------+-----------------+----------------+------------------+-----------------+-----------------+
; CurrState.start  ; 0              ; 0              ; 0            ; 0               ; 0             ; 0             ; 0               ; 0              ; 0                ; 0               ; 0               ;
; CurrState.fetch  ; 0              ; 0              ; 0            ; 0               ; 0             ; 0             ; 0               ; 0              ; 0                ; 1               ; 1               ;
; CurrState.decode ; 0              ; 0              ; 0            ; 0               ; 0             ; 0             ; 0               ; 0              ; 1                ; 0               ; 1               ;
; CurrState.load   ; 0              ; 0              ; 0            ; 0               ; 0             ; 0             ; 0               ; 1              ; 0                ; 0               ; 1               ;
; CurrState.store  ; 0              ; 0              ; 0            ; 0               ; 0             ; 0             ; 1               ; 0              ; 0                ; 0               ; 1               ;
; CurrState.add    ; 0              ; 0              ; 0            ; 0               ; 0             ; 1             ; 0               ; 0              ; 0                ; 0               ; 1               ;
; CurrState.sub    ; 0              ; 0              ; 0            ; 0               ; 1             ; 0             ; 0               ; 0              ; 0                ; 0               ; 1               ;
; CurrState.Input  ; 0              ; 0              ; 0            ; 1               ; 0             ; 0             ; 0               ; 0              ; 0                ; 0               ; 1               ;
; CurrState.jz     ; 0              ; 0              ; 1            ; 0               ; 0             ; 0             ; 0               ; 0              ; 0                ; 0               ; 1               ;
; CurrState.jpos   ; 0              ; 1              ; 0            ; 0               ; 0             ; 0             ; 0               ; 0              ; 0                ; 0               ; 1               ;
; CurrState.halt   ; 1              ; 0              ; 0            ; 0               ; 0             ; 0             ; 0               ; 0              ; 0                ; 0               ; 1               ;
+------------------+----------------+----------------+--------------+-----------------+---------------+---------------+-----------------+----------------+------------------+-----------------+-----------------+


+------------------------------------------------------------+
; Registers Removed During Synthesis                         ;
+---------------------------------------+--------------------+
; Register name                         ; Reason for Removal ;
+---------------------------------------+--------------------+
; CurrState~4                           ; Lost fanout        ;
; CurrState~5                           ; Lost fanout        ;
; CurrState~6                           ; Lost fanout        ;
; CurrState~7                           ; Lost fanout        ;
; Total Number of Removed Registers = 4 ;                    ;
+---------------------------------------+--------------------+


+------------------------------------------------------+
; General Register Statistics                          ;
+----------------------------------------------+-------+
; Statistic                                    ; Value ;
+----------------------------------------------+-------+
; Total registers                              ; 37    ;
; Number of registers using Synchronous Clear  ; 0     ;
; Number of registers using Synchronous Load   ; 0     ;
; Number of registers using Asynchronous Clear ; 36    ;
; Number of registers using Asynchronous Load  ; 0     ;
; Number of registers using Clock Enable       ; 0     ;
; Number of registers using Preset             ; 0     ;
+----------------------------------------------+-------+


+--------------------------------------------------------------------+
; Parameter Settings for User Entity Instance: Top-level Entity: |CU ;
+----------------+-------+-------------------------------------------+
; Parameter Name ; Value ; Type                                      ;
+----------------+-------+-------------------------------------------+
; start          ; 0000  ; Unsigned Binary                           ;
; fetch          ; 0001  ; Unsigned Binary                           ;
; decode         ; 0010  ; Unsigned Binary                           ;
; load           ; 1000  ; Unsigned Binary                           ;
; store          ; 1001  ; Unsigned Binary                           ;
; add            ; 1010  ; Unsigned Binary                           ;
; sub            ; 1011  ; Unsigned Binary                           ;
; Input          ; 1100  ; Unsigned Binary                           ;
; jz             ; 1101  ; Unsigned Binary                           ;
; jpos           ; 1110  ; Unsigned Binary                           ;
; halt           ; 1111  ; Unsigned Binary                           ;
+----------------+-------+-------------------------------------------+
Note: In order to hide this table in the UI and the text report file, please set the "Show Parameter Settings Tables in Synthesis Report" option in "Analysis and Synthesis Settings -> More Settings" to "Off".


+-------------------------------+
; Analysis & Synthesis Messages ;
+-------------------------------+
Info: *******************************************************************
Info: Running Quartus II Analysis & Synthesis
    Info: Version 9.1 Build 222 10/21/2009 SJ Web Edition
    Info: Processing started: Tue Oct 27 17:34:11 2015
Info: Command: quartus_map --read_settings_files=on --write_settings_files=off CU -c CU
Info: Found 1 design units, including 1 entities, in source file onesecclock.v
    Info: Found entity 1: oneSecClock
Info: Found 1 design units, including 1 entities, in source file cu.v
    Info: Found entity 1: CU
Critical Warning (10846): Verilog HDL Instantiation warning at CU.v(33): instance has no name
Info: Elaborating entity "CU" for the top level hierarchy
Warning (10034): Output port "LEDG[4]" at CU.v(7) has no driver
Info: Elaborating entity "oneSecClock" for hierarchy "oneSecClock:comb_32"
Warning (10230): Verilog HDL assignment warning at oneSecClock.v(23): truncated value with size 32 to match size of target (25)
Warning: Output pins are stuck at VCC or GND
    Warning (13410): Pin "LEDG[4]" is stuck at GND
Info: 4 registers lost all their fanouts during netlist optimizations. The first 4 are displayed below.
    Info: Register "CurrState~4" lost all its fanouts during netlist optimizations.
    Info: Register "CurrState~5" lost all its fanouts during netlist optimizations.
    Info: Register "CurrState~6" lost all its fanouts during netlist optimizations.
    Info: Register "CurrState~7" lost all its fanouts during netlist optimizations.
Info: Generated suppressed messages file C:/Users/Student/Desktop/ASIC and FPGA design BAME2044/LAB 2/Control Unit/CU.map.smsg
Warning: Design contains 1 input pin(s) that do not drive logic
    Warning (15610): No output dependent on input pin "SW[6]"
Info: Implemented 96 device resources after synthesis - the final resource count might be different
    Info: Implemented 9 input pins
    Info: Implemented 15 output pins
    Info: Implemented 72 logic cells
Info: Quartus II Analysis & Synthesis was successful. 0 errors, 8 warnings
    Info: Peak virtual memory: 195 megabytes
    Info: Processing ended: Tue Oct 27 17:34:13 2015
    Info: Elapsed time: 00:00:02
    Info: Total CPU time (on all processors): 00:00:01


+------------------------------------------+
; Analysis & Synthesis Suppressed Messages ;
+------------------------------------------+
The suppressed messages can be found in C:/Users/Student/Desktop/ASIC and FPGA design BAME2044/LAB 2/Control Unit/CU.map.smsg.


